Base path: C:/Program Files/Unity/Editor/Data
Pipe name: \\.\pipe\UnityShaderCompiler-64bit-3-3640
Cmd: getPlatforms
Cmd: compileSnippet
  api=4 type=0 insize=7025 outsize=3647 kw=DIRECTIONAL SHADOWS_OFF LIGHTMAP_OFF DIRLIGHTMAP_OFF DYNAMICLIGHTMAP_OFF ok=1
Cmd: compileSnippet
  api=0 type=0 insize=7025 outsize=3194 kw=DIRECTIONAL SHADOWS_SCREEN LIGHTMAP_OFF DIRLIGHTMAP_OFF DYNAMICLIGHTMAP_OFF ok=1
Cmd: compileSnippet
  api=1 type=0 insize=7025 outsize=1215 kw=DIRECTIONAL SHADOWS_SCREEN LIGHTMAP_OFF DIRLIGHTMAP_OFF DYNAMICLIGHTMAP_OFF VERTEXLIGHT_ON ok=1
Cmd: compileSnippet
  api=8 type=0 insize=7025 outsize=8645 kw=DIRECTIONAL SHADOWS_SCREEN SHADOWS_NATIVE LIGHTMAP_OFF DIRLIGHTMAP_OFF DYNAMICLIGHTMAP_OFF VERTEXLIGHT_ON ok=1
Cmd: compileSnippet
  api=8 type=1 insize=7025 outsize=3405 kw=DIRECTIONAL SHADOWS_OFF LIGHTMAP_OFF DIRLIGHTMAP_OFF DYNAMICLIGHTMAP_OFF ok=1
Cmd: compileSnippet
  api=1 type=0 insize=3820 outsize=339 kw=POINT ok=1
Cmd: compileSnippet
  api=0 type=0 insize=3820 outsize=1852 kw=DIRECTIONAL ok=1
Cmd: compileSnippet
  api=4 type=0 insize=3820 outsize=2737 kw=POINT_COOKIE ok=1
Cmd: compileSnippet
  api=0 type=0 insize=3820 outsize=2079 kw=DIRECTIONAL_COOKIE ok=1
Cmd: compileSnippet
  api=8 type=1 insize=3820 outsize=4209 kw=POINT ok=1
Cmd: compileSnippet
  api=4 type=1 insize=3820 outsize=3370 kw=SPOT ok=1
Cmd: compileSnippet
  api=8 type=1 insize=3820 outsize=4518 kw=POINT_COOKIE ok=1
Cmd: compileSnippet
  api=4 type=0 insize=2892 outsize=2517 kw= ok=1
Cmd: compileSnippet
  api=8 type=1 insize=2892 outsize=1032 kw= ok=1
Cmd: compileSnippet
  api=4 type=0 insize=6064 outsize=4061 kw=LIGHTMAP_OFF DIRLIGHTMAP_OFF DYNAMICLIGHTMAP_OFF HDR_LIGHT_PREPASS_OFF ok=1
Cmd: compileSnippet
  api=1 type=0 insize=6064 outsize=707 kw=LIGHTMAP_OFF DIRLIGHTMAP_OFF DYNAMICLIGHTMAP_OFF UNITY_HDR_ON ok=1
Cmd: compileSnippet
  api=8 type=0 insize=6064 outsize=5810 kw=LIGHTMAP_OFF DIRLIGHTMAP_OFF DYNAMICLIGHTMAP_OFF UNITY_HDR_ON ok=1
Cmd: compileSnippet
  api=8 type=1 insize=6064 outsize=2381 kw=LIGHTMAP_OFF DIRLIGHTMAP_OFF DYNAMICLIGHTMAP_OFF HDR_LIGHT_PREPASS_OFF ok=1
Cmd: compileSnippet
  api=1 type=0 insize=6143 outsize=595 kw=LIGHTMAP_OFF DIRLIGHTMAP_OFF DYNAMICLIGHTMAP_OFF HDR_LIGHT_PREPASS_OFF ok=1
Cmd: compileSnippet
  api=0 type=0 insize=6143 outsize=2638 kw=LIGHTMAP_OFF DIRLIGHTMAP_OFF DYNAMICLIGHTMAP_OFF UNITY_HDR_ON ok=1
Cmd: compileSnippet
  api=4 type=1 insize=6143 outsize=1664 kw=LIGHTMAP_OFF DIRLIGHTMAP_OFF DYNAMICLIGHTMAP_OFF HDR_LIGHT_PREPASS_OFF ok=1
Cmd: compileSnippet
  api=4 type=1 insize=6143 outsize=1615 kw=LIGHTMAP_OFF DIRLIGHTMAP_OFF DYNAMICLIGHTMAP_OFF UNITY_HDR_ON ok=1
Cmd: compileSnippet
  api=4 type=0 insize=6920 outsize=3793 kw=DIRECTIONAL SHADOWS_OFF LIGHTMAP_OFF DIRLIGHTMAP_OFF DYNAMICLIGHTMAP_OFF ok=1
Cmd: compileSnippet
  api=1 type=0 insize=6920 outsize=733 kw=DIRECTIONAL SHADOWS_SCREEN LIGHTMAP_OFF DIRLIGHTMAP_OFF DYNAMICLIGHTMAP_OFF ok=1
Cmd: compileSnippet
  api=0 type=0 insize=6920 outsize=3303 kw=DIRECTIONAL SHADOWS_OFF LIGHTMAP_OFF DIRLIGHTMAP_OFF DYNAMICLIGHTMAP_OFF VERTEXLIGHT_ON ok=1
Cmd: compileSnippet
  api=8 type=0 insize=6920 outsize=8840 kw=DIRECTIONAL SHADOWS_SCREEN SHADOWS_NATIVE LIGHTMAP_OFF DIRLIGHTMAP_OFF DYNAMICLIGHTMAP_OFF VERTEXLIGHT_ON ok=1
Cmd: compileSnippet
  api=8 type=1 insize=6920 outsize=2007 kw=DIRECTIONAL SHADOWS_OFF LIGHTMAP_OFF DIRLIGHTMAP_OFF DYNAMICLIGHTMAP_OFF ok=1
Cmd: compileSnippet
  api=1 type=0 insize=3732 outsize=364 kw=POINT ok=1
Cmd: compileSnippet
  api=1 type=0 insize=3732 outsize=364 kw=DIRECTIONAL ok=1
Cmd: compileSnippet
  api=8 type=0 insize=3732 outsize=4071 kw=DIRECTIONAL ok=1
Cmd: compileSnippet
  api=1 type=0 insize=3732 outsize=364 kw=SPOT ok=1
Cmd: compileSnippet
  api=4 type=0 insize=3732 outsize=2883 kw=SPOT ok=1
Cmd: compileSnippet
  api=8 type=0 insize=3732 outsize=4071 kw=SPOT ok=1
Cmd: compileSnippet
  api=1 type=0 insize=3732 outsize=364 kw=POINT_COOKIE ok=1
Cmd: compileSnippet
  api=8 type=0 insize=3732 outsize=4071 kw=POINT_COOKIE ok=1
Cmd: compileSnippet
  api=4 type=0 insize=3732 outsize=2883 kw=DIRECTIONAL_COOKIE ok=1
Cmd: compileSnippet
  api=4 type=1 insize=3732 outsize=2005 kw=POINT ok=1
Cmd: compileSnippet
  api=8 type=1 insize=3732 outsize=1796 kw=DIRECTIONAL ok=1
Cmd: compileSnippet
  api=1 type=1 insize=3732 outsize=501 kw=POINT_COOKIE ok=1
Cmd: compileSnippet
  api=0 type=1 insize=3732 outsize=6 kw=DIRECTIONAL_COOKIE ok=1
Cmd: compileSnippet
  api=1 type=1 insize=3732 outsize=372 kw=DIRECTIONAL_COOKIE ok=1
Cmd: compileSnippet
  api=1 type=0 insize=2816 outsize=293 kw= ok=1
Cmd: compileSnippet
  api=8 type=1 insize=2816 outsize=967 kw= ok=1
Cmd: compileSnippet
  api=4 type=0 insize=6059 outsize=4207 kw=LIGHTMAP_OFF DIRLIGHTMAP_OFF DYNAMICLIGHTMAP_OFF HDR_LIGHT_PREPASS_OFF ok=1
Cmd: compileSnippet
  api=1 type=0 insize=6059 outsize=732 kw=LIGHTMAP_OFF DIRLIGHTMAP_OFF DYNAMICLIGHTMAP_OFF UNITY_HDR_ON ok=1
Cmd: compileSnippet
  api=4 type=0 insize=6059 outsize=4207 kw=LIGHTMAP_OFF DIRLIGHTMAP_OFF DYNAMICLIGHTMAP_OFF UNITY_HDR_ON ok=1
Cmd: compileSnippet
  api=8 type=1 insize=6059 outsize=2064 kw=LIGHTMAP_OFF DIRLIGHTMAP_OFF DYNAMICLIGHTMAP_OFF HDR_LIGHT_PREPASS_OFF ok=1
Cmd: compileSnippet
  api=1 type=0 insize=6013 outsize=620 kw=LIGHTMAP_OFF DIRLIGHTMAP_OFF DYNAMICLIGHTMAP_OFF HDR_LIGHT_PREPASS_OFF ok=1
Cmd: compileSnippet
  api=0 type=0 insize=6013 outsize=2584 kw=LIGHTMAP_OFF DIRLIGHTMAP_OFF DYNAMICLIGHTMAP_OFF UNITY_HDR_ON ok=1
Cmd: compileSnippet
  api=4 type=1 insize=6013 outsize=1672 kw=LIGHTMAP_OFF DIRLIGHTMAP_OFF DYNAMICLIGHTMAP_OFF HDR_LIGHT_PREPASS_OFF ok=1
Cmd: compileSnippet
  api=1 type=0 insize=7111 outsize=1773 kw=DIRECTIONAL SHADOWS_OFF LIGHTMAP_OFF DIRLIGHTMAP_OFF DYNAMICLIGHTMAP_OFF ok=1
Cmd: compileSnippet
  api=0 type=0 insize=7111 outsize=4587 kw=DIRECTIONAL SHADOWS_SCREEN LIGHTMAP_OFF DIRLIGHTMAP_OFF DYNAMICLIGHTMAP_OFF ok=1
Cmd: compileSnippet
  api=0 type=0 insize=7111 outsize=5554 kw=DIRECTIONAL SHADOWS_SCREEN LIGHTMAP_OFF DIRLIGHTMAP_OFF DYNAMICLIGHTMAP_OFF VERTEXLIGHT_ON ok=1
Cmd: compileSnippet
  api=8 type=1 insize=7111 outsize=2259 kw=DIRECTIONAL SHADOWS_OFF LIGHTMAP_OFF DIRLIGHTMAP_OFF DYNAMICLIGHTMAP_OFF ok=1
Cmd: compileSnippet
  api=8 type=0 insize=3923 outsize=7979 kw=POINT ok=1
Cmd: compileSnippet
  api=8 type=0 insize=3923 outsize=7979 kw=DIRECTIONAL ok=1
Cmd: compileSnippet
  api=1 type=0 insize=3923 outsize=1552 kw=SPOT ok=1
Cmd: compileSnippet
  api=8 type=0 insize=3923 outsize=7979 kw=SPOT ok=1
Cmd: compileSnippet
  api=4 type=0 insize=3923 outsize=5198 kw=POINT_COOKIE ok=1
Cmd: compileSnippet
  api=0 type=0 insize=3923 outsize=3500 kw=DIRECTIONAL_COOKIE ok=1
Cmd: compileSnippet
  api=1 type=1 insize=3923 outsize=487 kw=POINT ok=1
Cmd: compileSnippet
  api=8 type=1 insize=3923 outsize=2048 kw=DIRECTIONAL ok=1
Cmd: compileSnippet
  api=4 type=1 insize=3923 outsize=2363 kw=POINT_COOKIE ok=1
Cmd: compileSnippet
  api=1 type=1 insize=3923 outsize=408 kw=DIRECTIONAL_COOKIE ok=1
Cmd: compileSnippet
  api=1 type=0 insize=3249 outsize=1552 kw= ok=1
Cmd: compileSnippet
  api=1 type=1 insize=3249 outsize=190 kw= ok=1
Cmd: compileSnippet
  api=4 type=0 insize=6251 outsize=6580 kw=LIGHTMAP_OFF DIRLIGHTMAP_OFF DYNAMICLIGHTMAP_OFF HDR_LIGHT_PREPASS_OFF ok=1
Cmd: compileSnippet
  api=1 type=0 insize=6251 outsize=1898 kw=LIGHTMAP_OFF DIRLIGHTMAP_OFF DYNAMICLIGHTMAP_OFF UNITY_HDR_ON ok=1
Cmd: compileSnippet
  api=8 type=0 insize=6251 outsize=9897 kw=LIGHTMAP_OFF DIRLIGHTMAP_OFF DYNAMICLIGHTMAP_OFF UNITY_HDR_ON ok=1
Cmd: compileSnippet
  api=8 type=1 insize=6251 outsize=2348 kw=LIGHTMAP_OFF DIRLIGHTMAP_OFF DYNAMICLIGHTMAP_OFF HDR_LIGHT_PREPASS_OFF ok=1
Cmd: compileSnippet
  api=1 type=0 insize=6204 outsize=1788 kw=LIGHTMAP_OFF DIRLIGHTMAP_OFF DYNAMICLIGHTMAP_OFF HDR_LIGHT_PREPASS_OFF ok=1
Cmd: compileSnippet
  api=0 type=0 insize=6204 outsize=4337 kw=LIGHTMAP_OFF DIRLIGHTMAP_OFF DYNAMICLIGHTMAP_OFF UNITY_HDR_ON ok=1
Cmd: compileSnippet
  api=4 type=1 insize=6204 outsize=1875 kw=LIGHTMAP_OFF DIRLIGHTMAP_OFF DYNAMICLIGHTMAP_OFF HDR_LIGHT_PREPASS_OFF ok=1
Cmd: compileSnippet
  api=8 type=1 insize=6204 outsize=2543 kw=LIGHTMAP_OFF DIRLIGHTMAP_OFF DYNAMICLIGHTMAP_OFF UNITY_HDR_ON ok=1
Cmd: compileSnippet
  api=0 type=0 insize=3054 outsize=2557 kw=SHADOWS_CUBE ok=1
Cmd: compileSnippet
  api=0 type=1 insize=3054 outsize=6 kw=SHADOWS_CUBE ok=1
Cmd: compileSnippet
  api=4 type=1 insize=3054 outsize=1217 kw=SHADOWS_CUBE ok=1
Cmd: compileSnippet
  api=1 type=0 insize=7502 outsize=1919 kw=DIRECTIONAL SHADOWS_OFF LIGHTMAP_OFF DIRLIGHTMAP_OFF DYNAMICLIGHTMAP_OFF ok=1
Cmd: compileSnippet
  api=0 type=0 insize=7502 outsize=5033 kw=DIRECTIONAL SHADOWS_SCREEN LIGHTMAP_OFF DIRLIGHTMAP_OFF DYNAMICLIGHTMAP_OFF ok=1
Cmd: compileSnippet
  api=8 type=0 insize=7502 outsize=12180 kw=DIRECTIONAL SHADOWS_OFF LIGHTMAP_OFF DIRLIGHTMAP_OFF DYNAMICLIGHTMAP_OFF VERTEXLIGHT_ON ok=1
Cmd: compileSnippet
  api=8 type=0 insize=7502 outsize=10888 kw=DIRECTIONAL SHADOWS_SCREEN SHADOWS_NATIVE LIGHTMAP_OFF DIRLIGHTMAP_OFF DYNAMICLIGHTMAP_OFF ok=1
Cmd: compileSnippet
  api=4 type=1 insize=7502 outsize=1542 kw=DIRECTIONAL SHADOWS_OFF LIGHTMAP_OFF DIRLIGHTMAP_OFF DYNAMICLIGHTMAP_OFF ok=1
Cmd: compileSnippet
  api=1 type=0 insize=4314 outsize=1698 kw=POINT ok=1
Cmd: compileSnippet
  api=0 type=0 insize=4314 outsize=3715 kw=DIRECTIONAL ok=1
Cmd: compileSnippet
  api=1 type=0 insize=4314 outsize=1698 kw=POINT_COOKIE ok=1
Cmd: compileSnippet
  api=4 type=0 insize=4314 outsize=5572 kw=POINT_COOKIE ok=1
Cmd: compileSnippet
  api=0 type=0 insize=4314 outsize=3946 kw=DIRECTIONAL_COOKIE ok=1
Cmd: compileSnippet
  api=8 type=1 insize=4314 outsize=3210 kw=POINT ok=1
Cmd: compileSnippet
  api=4 type=1 insize=4314 outsize=2672 kw=SPOT ok=1
Cmd: compileSnippet
  api=8 type=1 insize=4314 outsize=3518 kw=POINT_COOKIE ok=1
Cmd: compileSnippet
  api=1 type=0 insize=3640 outsize=1698 kw= ok=1
Cmd: compileSnippet
  api=8 type=1 insize=3640 outsize=1666 kw= ok=1
Cmd: compileSnippet
  api=1 type=0 insize=6642 outsize=2044 kw=LIGHTMAP_OFF DIRLIGHTMAP_OFF DYNAMICLIGHTMAP_OFF HDR_LIGHT_PREPASS_OFF ok=1
Cmd: compileSnippet
  api=0 type=0 insize=6642 outsize=4982 kw=LIGHTMAP_OFF DIRLIGHTMAP_OFF DYNAMICLIGHTMAP_OFF UNITY_HDR_ON ok=1
Cmd: compileSnippet
  api=8 type=1 insize=6642 outsize=2348 kw=LIGHTMAP_OFF DIRLIGHTMAP_OFF DYNAMICLIGHTMAP_OFF HDR_LIGHT_PREPASS_OFF ok=1
Cmd: compileSnippet
  api=1 type=0 insize=6595 outsize=1934 kw=LIGHTMAP_OFF DIRLIGHTMAP_OFF DYNAMICLIGHTMAP_OFF HDR_LIGHT_PREPASS_OFF ok=1
Cmd: compileSnippet
  api=0 type=0 insize=6595 outsize=4784 kw=LIGHTMAP_OFF DIRLIGHTMAP_OFF DYNAMICLIGHTMAP_OFF UNITY_HDR_ON ok=1
Cmd: compileSnippet
  api=1 type=1 insize=6595 outsize=402 kw=LIGHTMAP_OFF DIRLIGHTMAP_OFF DYNAMICLIGHTMAP_OFF HDR_LIGHT_PREPASS_OFF ok=1
Cmd: compileSnippet
  api=4 type=1 insize=6595 outsize=1827 kw=LIGHTMAP_OFF DIRLIGHTMAP_OFF DYNAMICLIGHTMAP_OFF UNITY_HDR_ON ok=1
Cmd: compileSnippet
  api=8 type=0 insize=3445 outsize=10790 kw=SHADOWS_DEPTH ok=1
Cmd: compileSnippet
  api=8 type=0 insize=3445 outsize=7418 kw=SHADOWS_CUBE ok=1
Cmd: compileSnippet
  api=8 type=1 insize=3445 outsize=1430 kw=SHADOWS_DEPTH ok=1
Cmd: compileSnippet
  api=8 type=1 insize=3445 outsize=1723 kw=SHADOWS_CUBE ok=1
Cmd: compileSnippet
  api=0 type=0 insize=63853 outsize=4126 kw=DIRECTIONAL SHADOWS_SCREEN LIGHTMAP_OFF DIRLIGHTMAP_OFF DYNAMICLIGHTMAP_OFF ok=1
Cmd: compileSnippet
  api=1 type=0 insize=63853 outsize=1424 kw=DIRECTIONAL SHADOWS_SCREEN LIGHTMAP_OFF DIRLIGHTMAP_OFF DYNAMICLIGHTMAP_OFF VERTEXLIGHT_ON ok=1
Cmd: compileSnippet
  api=0 type=0 insize=63853 outsize=5329 kw=DIRECTIONAL SHADOWS_OFF LIGHTMAP_OFF DIRLIGHTMAP_OFF DYNAMICLIGHTMAP_OFF _TERRAIN_NORMAL_MAP ok=1
Cmd: compileSnippet
  api=4 type=0 insize=63853 outsize=6970 kw=DIRECTIONAL SHADOWS_SCREEN LIGHTMAP_OFF DIRLIGHTMAP_OFF DYNAMICLIGHTMAP_OFF VERTEXLIGHT_ON _TERRAIN_NORMAL_MAP ok=1
Cmd: compileSnippet
  api=4 type=1 insize=63853 outsize=2915 kw=DIRECTIONAL SHADOWS_OFF LIGHTMAP_OFF DIRLIGHTMAP_OFF DYNAMICLIGHTMAP_OFF ok=1
Cmd: compileSnippet
  api=4 type=0 insize=40291 outsize=3240 kw=POINT ok=1
Cmd: compileSnippet
  api=4 type=0 insize=40291 outsize=3240 kw=DIRECTIONAL ok=1
Cmd: compileSnippet
  api=1 type=0 insize=40291 outsize=563 kw=SPOT ok=1
Cmd: compileSnippet
  api=4 type=0 insize=40291 outsize=3240 kw=SPOT ok=1
Cmd: compileSnippet
  api=0 type=0 insize=40291 outsize=3037 kw=POINT_COOKIE ok=1
Cmd: compileSnippet
  api=4 type=0 insize=40291 outsize=4402 kw=POINT _TERRAIN_NORMAL_MAP ok=1
Cmd: compileSnippet
  api=1 type=0 insize=40291 outsize=1000 kw=DIRECTIONAL _TERRAIN_NORMAL_MAP ok=1
Cmd: compileSnippet
  api=0 type=0 insize=40291 outsize=4699 kw=SPOT _TERRAIN_NORMAL_MAP ok=1
Cmd: compileSnippet
  api=1 type=1 insize=40291 outsize=877 kw=POINT ok=1
Cmd: compileSnippet
  api=0 type=1 insize=40291 outsize=6 kw=SPOT ok=1
Cmd: compileSnippet
  api=0 type=1 insize=40291 outsize=6 kw=POINT_COOKIE ok=1
Cmd: compileSnippet
  api=4 type=1 insize=40291 outsize=3354 kw=POINT_COOKIE ok=1
Cmd: compileSnippet
  api=1 type=1 insize=40291 outsize=1374 kw=POINT _TERRAIN_NORMAL_MAP ok=1
Cmd: compileSnippet
  api=0 type=1 insize=40291 outsize=6 kw=SPOT _TERRAIN_NORMAL_MAP ok=1
Cmd: compileSnippet
  api=1 type=1 insize=40291 outsize=1503 kw=SPOT _TERRAIN_NORMAL_MAP ok=1
Cmd: compileSnippet
  api=0 type=1 insize=40291 outsize=6 kw=DIRECTIONAL_COOKIE _TERRAIN_NORMAL_MAP ok=1
Cmd: compileSnippet
  api=4 type=1 insize=40291 outsize=4345 kw=DIRECTIONAL_COOKIE _TERRAIN_NORMAL_MAP ok=1
Cmd: compileSnippet
  api=8 type=0 insize=31178 outsize=5883 kw=DIRECTIONAL SHADOWS_OFF LIGHTMAP_OFF DIRLIGHTMAP_OFF DYNAMICLIGHTMAP_OFF ok=1
Cmd: compileSnippet
  api=4 type=0 insize=31178 outsize=4540 kw=DIRECTIONAL SHADOWS_SCREEN LIGHTMAP_OFF DIRLIGHTMAP_OFF DYNAMICLIGHTMAP_OFF ok=1
Cmd: compileSnippet
  api=1 type=0 insize=31178 outsize=1217 kw=DIRECTIONAL SHADOWS_OFF LIGHTMAP_OFF DIRLIGHTMAP_OFF DYNAMICLIGHTMAP_OFF VERTEXLIGHT_ON ok=1
Cmd: compileSnippet
  api=4 type=0 insize=31178 outsize=5605 kw=DIRECTIONAL SHADOWS_OFF LIGHTMAP_OFF DIRLIGHTMAP_OFF DYNAMICLIGHTMAP_OFF VERTEXLIGHT_ON ok=1
Cmd: compileSnippet
  api=8 type=0 insize=31178 outsize=8255 kw=DIRECTIONAL SHADOWS_OFF LIGHTMAP_OFF DIRLIGHTMAP_OFF DYNAMICLIGHTMAP_OFF VERTEXLIGHT_ON ok=1
Cmd: compileSnippet
  api=4 type=0 insize=31178 outsize=5995 kw=DIRECTIONAL SHADOWS_SCREEN LIGHTMAP_OFF DIRLIGHTMAP_OFF DYNAMICLIGHTMAP_OFF VERTEXLIGHT_ON ok=1
Cmd: compileSnippet
  api=8 type=1 insize=31178 outsize=3876 kw=DIRECTIONAL SHADOWS_OFF LIGHTMAP_OFF DIRLIGHTMAP_OFF DYNAMICLIGHTMAP_OFF ok=1
Cmd: compileSnippet
  api=1 type=0 insize=18179 outsize=469 kw=POINT ok=1
Cmd: compileSnippet
  api=0 type=0 insize=18179 outsize=2623 kw=DIRECTIONAL ok=1
Cmd: compileSnippet
  api=4 type=0 insize=18179 outsize=3240 kw=POINT_COOKIE ok=1
Cmd: compileSnippet
  api=0 type=0 insize=18179 outsize=2854 kw=DIRECTIONAL_COOKIE ok=1
Cmd: compileSnippet
  api=4 type=1 insize=18179 outsize=3167 kw=POINT ok=1
Cmd: compileSnippet
  api=0 type=1 insize=18179 outsize=6 kw=SPOT ok=1
Cmd: compileSnippet
  api=1 type=1 insize=18179 outsize=1029 kw=SPOT ok=1
Cmd: compileSnippet
  api=0 type=1 insize=18179 outsize=6 kw=POINT_COOKIE ok=1
Cmd: compileSnippet
  api=1 type=1 insize=18179 outsize=912 kw=POINT_COOKIE ok=1
Cmd: compileSnippet
  api=0 type=1 insize=18179 outsize=6 kw=DIRECTIONAL_COOKIE ok=1
Cmd: compileSnippet
  api=1 type=1 insize=18179 outsize=783 kw=DIRECTIONAL_COOKIE ok=1
Cmd: compileSnippet
  api=1 type=0 insize=63517 outsize=766 kw=DIRECTIONAL SHADOWS_OFF LIGHTMAP_OFF DIRLIGHTMAP_OFF DYNAMICLIGHTMAP_OFF ok=1
Cmd: compileSnippet
  api=4 type=0 insize=63517 outsize=4386 kw=DIRECTIONAL SHADOWS_SCREEN LIGHTMAP_OFF DIRLIGHTMAP_OFF DYNAMICLIGHTMAP_OFF ok=1
Cmd: compileSnippet
  api=1 type=0 insize=63517 outsize=1275 kw=DIRECTIONAL SHADOWS_OFF LIGHTMAP_OFF DIRLIGHTMAP_OFF DYNAMICLIGHTMAP_OFF VERTEXLIGHT_ON ok=1
Cmd: compileSnippet
  api=4 type=0 insize=63517 outsize=5450 kw=DIRECTIONAL SHADOWS_OFF LIGHTMAP_OFF DIRLIGHTMAP_OFF DYNAMICLIGHTMAP_OFF VERTEXLIGHT_ON ok=1
Cmd: compileSnippet
  api=0 type=0 insize=63517 outsize=4995 kw=DIRECTIONAL SHADOWS_SCREEN LIGHTMAP_OFF DIRLIGHTMAP_OFF DYNAMICLIGHTMAP_OFF VERTEXLIGHT_ON ok=1
Cmd: compileSnippet
  api=1 type=0 insize=63517 outsize=1707 kw=DIRECTIONAL SHADOWS_OFF LIGHTMAP_OFF DIRLIGHTMAP_OFF DYNAMICLIGHTMAP_OFF VERTEXLIGHT_ON _TERRAIN_NORMAL_MAP ok=1
Cmd: compileSnippet
  api=4 type=0 insize=63517 outsize=6580 kw=DIRECTIONAL SHADOWS_OFF LIGHTMAP_OFF DIRLIGHTMAP_OFF DYNAMICLIGHTMAP_OFF VERTEXLIGHT_ON _TERRAIN_NORMAL_MAP ok=1
Cmd: compileSnippet
  api=0 type=0 insize=63517 outsize=6625 kw=DIRECTIONAL SHADOWS_SCREEN LIGHTMAP_OFF DIRLIGHTMAP_OFF DYNAMICLIGHTMAP_OFF VERTEXLIGHT_ON _TERRAIN_NORMAL_MAP ok=1
Cmd: compileSnippet
  api=1 type=1 insize=63517 outsize=750 kw=DIRECTIONAL SHADOWS_OFF LIGHTMAP_OFF DIRLIGHTMAP_OFF DYNAMICLIGHTMAP_OFF ok=1
Cmd: compileSnippet
  api=0 type=1 insize=63517 outsize=6 kw=DIRECTIONAL SHADOWS_OFF LIGHTMAP_OFF DIRLIGHTMAP_OFF DYNAMICLIGHTMAP_OFF _TERRAIN_NORMAL_MAP ok=1
Cmd: compileSnippet
  api=0 type=1 insize=63517 outsize=6 kw=DIRECTIONAL SHADOWS_SCREEN LIGHTMAP_OFF DIRLIGHTMAP_OFF DYNAMICLIGHTMAP_OFF _TERRAIN_NORMAL_MAP ok=1
Cmd: compileSnippet
  api=1 type=0 insize=39955 outsize=563 kw=POINT ok=1
Cmd: compileSnippet
  api=1 type=0 insize=39955 outsize=563 kw=DIRECTIONAL ok=1
Cmd: compileSnippet
  api=0 type=0 insize=39955 outsize=3012 kw=SPOT ok=1
Cmd: compileSnippet
  api=0 type=0 insize=39955 outsize=4475 kw=POINT _TERRAIN_NORMAL_MAP ok=1
Cmd: compileSnippet
  api=0 type=0 insize=39955 outsize=4558 kw=POINT_COOKIE _TERRAIN_NORMAL_MAP ok=1
Cmd: compileSnippet
  api=0 type=1 insize=39955 outsize=6 kw=DIRECTIONAL ok=1
Cmd: compileSnippet
  api=1 type=1 insize=39955 outsize=581 kw=DIRECTIONAL ok=1
Cmd: compileSnippet
  api=1 type=1 insize=39955 outsize=940 kw=SPOT ok=1
Cmd: compileSnippet
  api=0 type=1 insize=39955 outsize=6 kw=DIRECTIONAL_COOKIE ok=1
Cmd: compileSnippet
  api=4 type=1 insize=39955 outsize=2785 kw=DIRECTIONAL_COOKIE ok=1
Cmd: compileSnippet
  api=1 type=1 insize=39955 outsize=1116 kw=DIRECTIONAL _TERRAIN_NORMAL_MAP ok=1
Cmd: compileSnippet
  api=0 type=1 insize=39955 outsize=6 kw=POINT_COOKIE _TERRAIN_NORMAL_MAP ok=1
Cmd: compileSnippet
  api=4 type=1 insize=39955 outsize=4703 kw=POINT_COOKIE _TERRAIN_NORMAL_MAP ok=1
Cmd: compileSnippet
  api=4 type=1 insize=39955 outsize=4240 kw=DIRECTIONAL_COOKIE _TERRAIN_NORMAL_MAP ok=1
Cmd: compileSnippet
  api=8 type=0 insize=31010 outsize=5883 kw=DIRECTIONAL SHADOWS_OFF LIGHTMAP_OFF DIRLIGHTMAP_OFF DYNAMICLIGHTMAP_OFF ok=1
Cmd: compileSnippet
  api=4 type=0 insize=31010 outsize=4540 kw=DIRECTIONAL SHADOWS_SCREEN LIGHTMAP_OFF DIRLIGHTMAP_OFF DYNAMICLIGHTMAP_OFF ok=1
Cmd: compileSnippet
  api=1 type=0 insize=31010 outsize=1217 kw=DIRECTIONAL SHADOWS_OFF LIGHTMAP_OFF DIRLIGHTMAP_OFF DYNAMICLIGHTMAP_OFF VERTEXLIGHT_ON ok=1
Cmd: compileSnippet
  api=4 type=0 insize=31010 outsize=5605 kw=DIRECTIONAL SHADOWS_OFF LIGHTMAP_OFF DIRLIGHTMAP_OFF DYNAMICLIGHTMAP_OFF VERTEXLIGHT_ON ok=1
Cmd: compileSnippet
  api=8 type=0 insize=31010 outsize=8255 kw=DIRECTIONAL SHADOWS_OFF LIGHTMAP_OFF DIRLIGHTMAP_OFF DYNAMICLIGHTMAP_OFF VERTEXLIGHT_ON ok=1
Cmd: compileSnippet
  api=4 type=0 insize=31010 outsize=5995 kw=DIRECTIONAL SHADOWS_SCREEN LIGHTMAP_OFF DIRLIGHTMAP_OFF DYNAMICLIGHTMAP_OFF VERTEXLIGHT_ON ok=1
Cmd: compileSnippet
  api=1 type=1 insize=31010 outsize=645 kw=DIRECTIONAL SHADOWS_OFF LIGHTMAP_OFF DIRLIGHTMAP_OFF DYNAMICLIGHTMAP_OFF ok=1
Cmd: compileSnippet
  api=4 type=1 insize=31010 outsize=2745 kw=DIRECTIONAL SHADOWS_SCREEN LIGHTMAP_OFF DIRLIGHTMAP_OFF DYNAMICLIGHTMAP_OFF ok=1
Cmd: compileSnippet
  api=4 type=0 insize=18011 outsize=3240 kw=POINT ok=1
Cmd: compileSnippet
  api=1 type=0 insize=18011 outsize=469 kw=DIRECTIONAL ok=1
Cmd: compileSnippet
  api=8 type=0 insize=18011 outsize=4542 kw=DIRECTIONAL ok=1
Cmd: compileSnippet
  api=1 type=0 insize=18011 outsize=469 kw=SPOT ok=1
Cmd: compileSnippet
  api=4 type=0 insize=18011 outsize=3240 kw=SPOT ok=1
Cmd: compileSnippet
  api=8 type=0 insize=18011 outsize=4542 kw=SPOT ok=1
Cmd: compileSnippet
  api=4 type=0 insize=18011 outsize=3240 kw=POINT_COOKIE ok=1
Cmd: compileSnippet
  api=0 type=0 insize=18011 outsize=2773 kw=DIRECTIONAL_COOKIE ok=1
Cmd: compileSnippet
  api=4 type=1 insize=18011 outsize=3062 kw=POINT ok=1
Cmd: compileSnippet
  api=8 type=1 insize=18011 outsize=3510 kw=DIRECTIONAL ok=1
Cmd: compileSnippet
  api=1 type=1 insize=18011 outsize=872 kw=POINT_COOKIE ok=1
Cmd: compileSnippet
  api=4 type=1 insize=18011 outsize=2785 kw=DIRECTIONAL_COOKIE ok=1
Cmd: compileSnippet
  api=1 type=0 insize=1041 outsize=481 kw= ok=1
Cmd: compileSnippet
  api=1 type=1 insize=1041 outsize=123 kw= ok=1
Cmd: compileSnippet
  api=4 type=0 insize=607 outsize=3630 kw= ok=1
Cmd: compileSnippet
  api=4 type=1 insize=607 outsize=787 kw= ok=1
Cmd: compileSnippet
  api=1 type=0 insize=613 outsize=1047 kw= ok=1
Cmd: compileSnippet
  api=1 type=1 insize=613 outsize=170 kw= ok=1
Cmd: compileSnippet
  api=8 type=0 insize=1722 outsize=5062 kw= ok=1
Cmd: compileSnippet
  api=8 type=1 insize=1722 outsize=3795 kw= ok=1
Cmd: compileSnippet
  api=4 type=0 insize=2394 outsize=5881 kw= ok=1
Cmd: compileSnippet
  api=8 type=1 insize=2394 outsize=4388 kw= ok=1
Cmd: compileSnippet
  api=8 type=0 insize=7509 outsize=11115 kw=DIRECTIONAL SHADOWS_OFF LIGHTMAP_OFF DIRLIGHTMAP_OFF DYNAMICLIGHTMAP_OFF ok=1
Cmd: compileSnippet
  api=0 type=0 insize=7509 outsize=6961 kw=DIRECTIONAL SHADOWS_OFF LIGHTMAP_OFF DIRLIGHTMAP_OFF DYNAMICLIGHTMAP_OFF VERTEXLIGHT_ON ok=1
Cmd: compileSnippet
  api=8 type=0 insize=7509 outsize=12147 kw=DIRECTIONAL SHADOWS_SCREEN SHADOWS_NATIVE LIGHTMAP_OFF DIRLIGHTMAP_OFF DYNAMICLIGHTMAP_OFF ok=1
Cmd: compileSnippet
  api=0 type=1 insize=7509 outsize=6 kw=DIRECTIONAL SHADOWS_SCREEN LIGHTMAP_OFF DIRLIGHTMAP_OFF DYNAMICLIGHTMAP_OFF ok=1
Cmd: compileSnippet
  api=4 type=1 insize=7509 outsize=3712 kw=DIRECTIONAL SHADOWS_SCREEN LIGHTMAP_OFF DIRLIGHTMAP_OFF DYNAMICLIGHTMAP_OFF ok=1
Cmd: compileSnippet
  api=8 type=0 insize=5077 outsize=9767 kw=POINT ok=1
Cmd: compileSnippet
  api=8 type=0 insize=5077 outsize=9767 kw=DIRECTIONAL ok=1
Cmd: compileSnippet
  api=1 type=0 insize=5077 outsize=1564 kw=SPOT ok=1
Cmd: compileSnippet
  api=8 type=0 insize=5077 outsize=9767 kw=SPOT ok=1
Cmd: compileSnippet
  api=4 type=0 insize=5077 outsize=6620 kw=POINT_COOKIE ok=1
Cmd: compileSnippet
  api=1 type=0 insize=5077 outsize=1564 kw=DIRECTIONAL_COOKIE ok=1
Cmd: compileSnippet
  api=4 type=0 insize=5077 outsize=6620 kw=DIRECTIONAL_COOKIE ok=1
Cmd: compileSnippet
  api=1 type=1 insize=5077 outsize=1068 kw=POINT ok=1
Cmd: compileSnippet
  api=8 type=1 insize=5077 outsize=4859 kw=DIRECTIONAL ok=1
Cmd: compileSnippet
  api=0 type=1 insize=5077 outsize=6 kw=POINT_COOKIE ok=1
Cmd: compileSnippet
  api=1 type=1 insize=5077 outsize=1118 kw=POINT_COOKIE ok=1
Cmd: compileSnippet
  api=0 type=1 insize=5077 outsize=6 kw=DIRECTIONAL_COOKIE ok=1
Cmd: compileSnippet
  api=1 type=1 insize=5077 outsize=1004 kw=DIRECTIONAL_COOKIE ok=1
Cmd: compileSnippet
  api=8 type=1 insize=5077 outsize=5574 kw=DIRECTIONAL_COOKIE ok=1
Cmd: compileSnippet
  api=4 type=0 insize=4234 outsize=6474 kw= ok=1
Cmd: compileSnippet
  api=1 type=1 insize=4234 outsize=399 kw= ok=1
Cmd: compileSnippet
  api=8 type=0 insize=6389 outsize=9880 kw=LIGHTMAP_OFF DIRLIGHTMAP_OFF DYNAMICLIGHTMAP_OFF HDR_LIGHT_PREPASS_OFF ok=1
Cmd: compileSnippet
  api=4 type=0 insize=6389 outsize=6702 kw=LIGHTMAP_OFF DIRLIGHTMAP_OFF DYNAMICLIGHTMAP_OFF UNITY_HDR_ON ok=1
Cmd: compileSnippet
  api=1 type=1 insize=6389 outsize=448 kw=LIGHTMAP_OFF DIRLIGHTMAP_OFF DYNAMICLIGHTMAP_OFF HDR_LIGHT_PREPASS_OFF ok=1
Cmd: compileSnippet
  api=8 type=1 insize=6389 outsize=2706 kw=LIGHTMAP_OFF DIRLIGHTMAP_OFF DYNAMICLIGHTMAP_OFF UNITY_HDR_ON ok=1
Cmd: compileSnippet
  api=4 type=0 insize=7412 outsize=7677 kw=LIGHTMAP_OFF DIRLIGHTMAP_OFF DYNAMICLIGHTMAP_OFF HDR_LIGHT_PREPASS_OFF ok=1
Cmd: compileSnippet
  api=1 type=0 insize=7412 outsize=1800 kw=LIGHTMAP_OFF DIRLIGHTMAP_OFF DYNAMICLIGHTMAP_OFF UNITY_HDR_ON ok=1
Cmd: compileSnippet
  api=8 type=0 insize=7412 outsize=11327 kw=LIGHTMAP_OFF DIRLIGHTMAP_OFF DYNAMICLIGHTMAP_OFF UNITY_HDR_ON ok=1
Cmd: compileSnippet
  api=1 type=1 insize=7412 outsize=692 kw=LIGHTMAP_OFF DIRLIGHTMAP_OFF DYNAMICLIGHTMAP_OFF HDR_LIGHT_PREPASS_OFF ok=1
Cmd: compileSnippet
  api=8 type=1 insize=7412 outsize=3657 kw=LIGHTMAP_OFF DIRLIGHTMAP_OFF DYNAMICLIGHTMAP_OFF UNITY_HDR_ON ok=1
Cmd: compileSnippet
  api=8 type=0 insize=3071 outsize=9661 kw=SHADOWS_DEPTH ok=1
Cmd: compileSnippet
  api=8 type=0 insize=3071 outsize=6118 kw=SHADOWS_CUBE ok=1
Cmd: compileSnippet
  api=0 type=1 insize=3071 outsize=6 kw=SHADOWS_CUBE ok=1
Cmd: compileSnippet
  api=4 type=1 insize=3071 outsize=730 kw=SHADOWS_CUBE ok=1
Cmd: compileSnippet
  api=0 type=0 insize=6872 outsize=7819 kw=DIRECTIONAL SHADOWS_SCREEN LIGHTMAP_OFF DIRLIGHTMAP_OFF DYNAMICLIGHTMAP_OFF ok=1
Cmd: compileSnippet
  api=8 type=0 insize=6872 outsize=15730 kw=DIRECTIONAL SHADOWS_OFF LIGHTMAP_OFF DIRLIGHTMAP_OFF DYNAMICLIGHTMAP_OFF VERTEXLIGHT_ON ok=1
Cmd: compileSnippet
  api=8 type=0 insize=6872 outsize=14430 kw=DIRECTIONAL SHADOWS_SCREEN SHADOWS_NATIVE LIGHTMAP_OFF DIRLIGHTMAP_OFF DYNAMICLIGHTMAP_OFF ok=1
Cmd: compileSnippet
  api=1 type=1 insize=6872 outsize=1174 kw=DIRECTIONAL SHADOWS_OFF LIGHTMAP_OFF DIRLIGHTMAP_OFF DYNAMICLIGHTMAP_OFF ok=1
Cmd: compileSnippet
  api=8 type=1 insize=6872 outsize=7093 kw=DIRECTIONAL SHADOWS_SCREEN SHADOWS_NATIVE LIGHTMAP_OFF DIRLIGHTMAP_OFF DYNAMICLIGHTMAP_OFF ok=1
Cmd: compileSnippet
  api=8 type=0 insize=1105 outsize=11253 kw=SHADOWS_DEPTH ok=1
Cmd: compileSnippet
  api=8 type=0 insize=1105 outsize=7711 kw=SHADOWS_CUBE ok=1
Cmd: compileSnippet
  api=8 type=1 insize=1105 outsize=1252 kw=SHADOWS_DEPTH ok=1
Cmd: compileSnippet
  api=1 type=0 insize=65644 outsize=766 kw=DIRECTIONAL SHADOWS_OFF LIGHTMAP_OFF DIRLIGHTMAP_OFF DYNAMICLIGHTMAP_OFF ok=1
Cmd: compileSnippet
  api=1 type=0 insize=65644 outsize=915 kw=DIRECTIONAL SHADOWS_SCREEN LIGHTMAP_OFF DIRLIGHTMAP_OFF DYNAMICLIGHTMAP_OFF ok=1
Cmd: compileSnippet
  api=0 type=0 insize=65644 outsize=4885 kw=DIRECTIONAL SHADOWS_OFF LIGHTMAP_OFF DIRLIGHTMAP_OFF DYNAMICLIGHTMAP_OFF VERTEXLIGHT_ON ok=1
Cmd: compileSnippet
  api=4 type=0 insize=65644 outsize=5166 kw=DIRECTIONAL SHADOWS_OFF LIGHTMAP_OFF DIRLIGHTMAP_OFF DYNAMICLIGHTMAP_OFF _TERRAIN_NORMAL_MAP ok=1
Cmd: compileSnippet
  api=1 type=0 insize=65644 outsize=1316 kw=DIRECTIONAL SHADOWS_SCREEN LIGHTMAP_OFF DIRLIGHTMAP_OFF DYNAMICLIGHTMAP_OFF _TERRAIN_NORMAL_MAP ok=1
Cmd: compileSnippet
  api=4 type=0 insize=65644 outsize=5556 kw=DIRECTIONAL SHADOWS_SCREEN LIGHTMAP_OFF DIRLIGHTMAP_OFF DYNAMICLIGHTMAP_OFF _TERRAIN_NORMAL_MAP ok=1
Cmd: compileSnippet
  api=1 type=0 insize=65644 outsize=1707 kw=DIRECTIONAL SHADOWS_OFF LIGHTMAP_OFF DIRLIGHTMAP_OFF DYNAMICLIGHTMAP_OFF VERTEXLIGHT_ON _TERRAIN_NORMAL_MAP ok=1
Cmd: compileSnippet
  api=4 type=0 insize=65644 outsize=6580 kw=DIRECTIONAL SHADOWS_OFF LIGHTMAP_OFF DIRLIGHTMAP_OFF DYNAMICLIGHTMAP_OFF VERTEXLIGHT_ON _TERRAIN_NORMAL_MAP ok=1
Cmd: compileSnippet
  api=1 type=0 insize=65644 outsize=1856 kw=DIRECTIONAL SHADOWS_SCREEN LIGHTMAP_OFF DIRLIGHTMAP_OFF DYNAMICLIGHTMAP_OFF VERTEXLIGHT_ON _TERRAIN_NORMAL_MAP ok=1
Cmd: compileSnippet
  api=4 type=0 insize=65644 outsize=6970 kw=DIRECTIONAL SHADOWS_SCREEN LIGHTMAP_OFF DIRLIGHTMAP_OFF DYNAMICLIGHTMAP_OFF VERTEXLIGHT_ON _TERRAIN_NORMAL_MAP ok=1
Cmd: compileSnippet
  api=4 type=1 insize=65644 outsize=3793 kw=DIRECTIONAL SHADOWS_OFF LIGHTMAP_OFF DIRLIGHTMAP_OFF DYNAMICLIGHTMAP_OFF ok=1
Cmd: compileSnippet
  api=1 type=1 insize=65644 outsize=1567 kw=DIRECTIONAL SHADOWS_OFF LIGHTMAP_OFF DIRLIGHTMAP_OFF DYNAMICLIGHTMAP_OFF _TERRAIN_NORMAL_MAP ok=1
Cmd: compileSnippet
  api=0 type=0 insize=41746 outsize=2933 kw=DIRECTIONAL ok=1
Cmd: compileSnippet
  api=1 type=0 insize=41746 outsize=563 kw=POINT_COOKIE ok=1
Cmd: compileSnippet
  api=0 type=0 insize=41746 outsize=3160 kw=DIRECTIONAL_COOKIE ok=1
Cmd: compileSnippet
  api=0 type=0 insize=41746 outsize=5043 kw=SPOT _TERRAIN_NORMAL_MAP ok=1
Cmd: compileSnippet
  api=0 type=1 insize=41746 outsize=6 kw=DIRECTIONAL ok=1
Cmd: compileSnippet
  api=4 type=1 insize=41746 outsize=3265 kw=DIRECTIONAL ok=1
Cmd: compileSnippet
  api=4 type=1 insize=41746 outsize=4158 kw=POINT_COOKIE ok=1
Cmd: compileSnippet
  api=4 type=1 insize=41746 outsize=3736 kw=DIRECTIONAL_COOKIE ok=1
Cmd: compileSnippet
  api=1 type=1 insize=41746 outsize=1389 kw=DIRECTIONAL _TERRAIN_NORMAL_MAP ok=1
Cmd: compileSnippet
  api=0 type=1 insize=41746 outsize=6 kw=POINT_COOKIE _TERRAIN_NORMAL_MAP ok=1
Cmd: compileSnippet
  api=4 type=1 insize=41746 outsize=5645 kw=POINT_COOKIE _TERRAIN_NORMAL_MAP ok=1
Cmd: compileSnippet
  api=1 type=0 insize=65980 outsize=766 kw=DIRECTIONAL SHADOWS_OFF LIGHTMAP_OFF DIRLIGHTMAP_OFF DYNAMICLIGHTMAP_OFF ok=1
Cmd: compileSnippet
  api=1 type=0 insize=65980 outsize=915 kw=DIRECTIONAL SHADOWS_SCREEN LIGHTMAP_OFF DIRLIGHTMAP_OFF DYNAMICLIGHTMAP_OFF ok=1
Cmd: compileSnippet
  api=0 type=0 insize=65980 outsize=4971 kw=DIRECTIONAL SHADOWS_OFF LIGHTMAP_OFF DIRLIGHTMAP_OFF DYNAMICLIGHTMAP_OFF VERTEXLIGHT_ON ok=1
Cmd: compileSnippet
  api=4 type=0 insize=65980 outsize=5166 kw=DIRECTIONAL SHADOWS_OFF LIGHTMAP_OFF DIRLIGHTMAP_OFF DYNAMICLIGHTMAP_OFF _TERRAIN_NORMAL_MAP ok=1
Cmd: compileSnippet
  api=1 type=0 insize=65980 outsize=1316 kw=DIRECTIONAL SHADOWS_SCREEN LIGHTMAP_OFF DIRLIGHTMAP_OFF DYNAMICLIGHTMAP_OFF _TERRAIN_NORMAL_MAP ok=1
Cmd: compileSnippet
  api=4 type=0 insize=65980 outsize=5556 kw=DIRECTIONAL SHADOWS_SCREEN LIGHTMAP_OFF DIRLIGHTMAP_OFF DYNAMICLIGHTMAP_OFF _TERRAIN_NORMAL_MAP ok=1
Cmd: compileSnippet
  api=1 type=0 insize=65980 outsize=1707 kw=DIRECTIONAL SHADOWS_OFF LIGHTMAP_OFF DIRLIGHTMAP_OFF DYNAMICLIGHTMAP_OFF VERTEXLIGHT_ON _TERRAIN_NORMAL_MAP ok=1
Cmd: compileSnippet
  api=4 type=0 insize=65980 outsize=6580 kw=DIRECTIONAL SHADOWS_OFF LIGHTMAP_OFF DIRLIGHTMAP_OFF DYNAMICLIGHTMAP_OFF VERTEXLIGHT_ON _TERRAIN_NORMAL_MAP ok=1
Cmd: compileSnippet
  api=1 type=0 insize=65980 outsize=1856 kw=DIRECTIONAL SHADOWS_SCREEN LIGHTMAP_OFF DIRLIGHTMAP_OFF DYNAMICLIGHTMAP_OFF VERTEXLIGHT_ON _TERRAIN_NORMAL_MAP ok=1
Cmd: compileSnippet
  api=4 type=1 insize=65980 outsize=3898 kw=DIRECTIONAL SHADOWS_OFF LIGHTMAP_OFF DIRLIGHTMAP_OFF DYNAMICLIGHTMAP_OFF ok=1
Cmd: compileSnippet
  api=0 type=1 insize=65980 outsize=6 kw=DIRECTIONAL SHADOWS_OFF LIGHTMAP_OFF DIRLIGHTMAP_OFF DYNAMICLIGHTMAP_OFF _TERRAIN_NORMAL_MAP ok=1
Cmd: compileSnippet
  api=0 type=1 insize=65980 outsize=6 kw=DIRECTIONAL SHADOWS_SCREEN LIGHTMAP_OFF DIRLIGHTMAP_OFF DYNAMICLIGHTMAP_OFF _TERRAIN_NORMAL_MAP ok=1
Cmd: compileSnippet
  api=4 type=1 insize=65980 outsize=5670 kw=DIRECTIONAL SHADOWS_SCREEN LIGHTMAP_OFF DIRLIGHTMAP_OFF DYNAMICLIGHTMAP_OFF _TERRAIN_NORMAL_MAP ok=1
Cmd: compileSnippet
  api=0 type=0 insize=42082 outsize=3014 kw=DIRECTIONAL ok=1
Cmd: compileSnippet
  api=4 type=0 insize=42082 outsize=3240 kw=POINT_COOKIE ok=1
Cmd: compileSnippet
  api=4 type=0 insize=42082 outsize=3240 kw=DIRECTIONAL_COOKIE ok=1
Cmd: compileSnippet
  api=1 type=0 insize=42082 outsize=1000 kw=POINT _TERRAIN_NORMAL_MAP ok=1
Cmd: compileSnippet
  api=4 type=0 insize=42082 outsize=4402 kw=POINT _TERRAIN_NORMAL_MAP ok=1
Cmd: compileSnippet
  api=0 type=0 insize=42082 outsize=4611 kw=DIRECTIONAL _TERRAIN_NORMAL_MAP ok=1
Cmd: compileSnippet
  api=1 type=0 insize=42082 outsize=1000 kw=POINT_COOKIE _TERRAIN_NORMAL_MAP ok=1
Cmd: compileSnippet
  api=0 type=0 insize=42082 outsize=4846 kw=DIRECTIONAL_COOKIE _TERRAIN_NORMAL_MAP ok=1
Cmd: compileSnippet
  api=1 type=1 insize=42082 outsize=1123 kw=POINT ok=1
Cmd: compileSnippet
  api=1 type=1 insize=42082 outsize=1278 kw=SPOT ok=1
Cmd: compileSnippet
  api=0 type=1 insize=42082 outsize=6 kw=DIRECTIONAL_COOKIE ok=1
Cmd: compileSnippet
  api=1 type=1 insize=42082 outsize=1646 kw=POINT _TERRAIN_NORMAL_MAP ok=1
Cmd: compileSnippet
  api=0 type=1 insize=42082 outsize=6 kw=SPOT _TERRAIN_NORMAL_MAP ok=1
Cmd: compileSnippet
  api=4 type=1 insize=42082 outsize=6060 kw=SPOT _TERRAIN_NORMAL_MAP ok=1
Cmd: compileSnippet
  api=1 type=1 insize=42082 outsize=1557 kw=DIRECTIONAL_COOKIE _TERRAIN_NORMAL_MAP ok=1
Cmd: compileSnippet
  api=4 type=0 insize=7037 outsize=3647 kw=DIRECTIONAL SHADOWS_OFF LIGHTMAP_OFF DIRLIGHTMAP_OFF DYNAMICLIGHTMAP_OFF ok=1
Cmd: compileSnippet
  api=1 type=0 insize=7037 outsize=708 kw=DIRECTIONAL SHADOWS_SCREEN LIGHTMAP_OFF DIRLIGHTMAP_OFF DYNAMICLIGHTMAP_OFF ok=1
Cmd: compileSnippet
  api=0 type=0 insize=7037 outsize=3557 kw=DIRECTIONAL SHADOWS_OFF LIGHTMAP_OFF DIRLIGHTMAP_OFF DYNAMICLIGHTMAP_OFF VERTEXLIGHT_ON ok=1
Cmd: compileSnippet
  api=8 type=0 insize=7037 outsize=6273 kw=DIRECTIONAL SHADOWS_SCREEN SHADOWS_NATIVE LIGHTMAP_OFF DIRLIGHTMAP_OFF DYNAMICLIGHTMAP_OFF ok=1
Cmd: compileSnippet
  api=8 type=1 insize=7037 outsize=3307 kw=DIRECTIONAL SHADOWS_OFF LIGHTMAP_OFF DIRLIGHTMAP_OFF DYNAMICLIGHTMAP_OFF ok=1
Cmd: compileSnippet
  api=1 type=0 insize=3832 outsize=339 kw=POINT ok=1
Cmd: compileSnippet
  api=0 type=0 insize=3832 outsize=1788 kw=DIRECTIONAL ok=1
Cmd: compileSnippet
  api=4 type=0 insize=3832 outsize=2737 kw=POINT_COOKIE ok=1
Cmd: compileSnippet
  api=1 type=0 insize=3832 outsize=339 kw=DIRECTIONAL_COOKIE ok=1
Cmd: compileSnippet
  api=8 type=0 insize=3832 outsize=3876 kw=DIRECTIONAL_COOKIE ok=1
Cmd: compileSnippet
  api=1 type=1 insize=3832 outsize=684 kw=POINT ok=1
Cmd: compileSnippet
  api=4 type=1 insize=3832 outsize=2070 kw=DIRECTIONAL ok=1
Cmd: compileSnippet
  api=8 type=1 insize=3832 outsize=4843 kw=SPOT ok=1
Cmd: compileSnippet
  api=8 type=1 insize=3832 outsize=3787 kw=DIRECTIONAL_COOKIE ok=1
Cmd: compileSnippet
  api=4 type=0 insize=2904 outsize=2517 kw= ok=1
Cmd: compileSnippet
  api=1 type=1 insize=2904 outsize=106 kw= ok=1
Cmd: compileSnippet
  api=4 type=0 insize=6076 outsize=4061 kw=LIGHTMAP_OFF DIRLIGHTMAP_OFF DYNAMICLIGHTMAP_OFF HDR_LIGHT_PREPASS_OFF ok=1
Cmd: compileSnippet
  api=1 type=0 insize=6076 outsize=707 kw=LIGHTMAP_OFF DIRLIGHTMAP_OFF DYNAMICLIGHTMAP_OFF UNITY_HDR_ON ok=1
Cmd: compileSnippet
  api=8 type=0 insize=6076 outsize=5810 kw=LIGHTMAP_OFF DIRLIGHTMAP_OFF DYNAMICLIGHTMAP_OFF UNITY_HDR_ON ok=1
Cmd: compileSnippet
  api=4 type=1 insize=6076 outsize=1485 kw=LIGHTMAP_OFF DIRLIGHTMAP_OFF DYNAMICLIGHTMAP_OFF HDR_LIGHT_PREPASS_OFF ok=1
Cmd: compileSnippet
  api=8 type=1 insize=6076 outsize=2105 kw=LIGHTMAP_OFF DIRLIGHTMAP_OFF DYNAMICLIGHTMAP_OFF UNITY_HDR_ON ok=1
Cmd: compileSnippet
  api=4 type=0 insize=70500 outsize=3996 kw=DIRECTIONAL SHADOWS_OFF LIGHTMAP_OFF DIRLIGHTMAP_OFF DYNAMICLIGHTMAP_OFF ok=1
Cmd: compileSnippet
  api=4 type=0 insize=70500 outsize=4386 kw=DIRECTIONAL SHADOWS_SCREEN LIGHTMAP_OFF DIRLIGHTMAP_OFF DYNAMICLIGHTMAP_OFF ok=1
Cmd: compileSnippet
  api=1 type=0 insize=70500 outsize=1275 kw=DIRECTIONAL SHADOWS_OFF LIGHTMAP_OFF DIRLIGHTMAP_OFF DYNAMICLIGHTMAP_OFF VERTEXLIGHT_ON ok=1
Cmd: compileSnippet
  api=4 type=0 insize=70500 outsize=5450 kw=DIRECTIONAL SHADOWS_OFF LIGHTMAP_OFF DIRLIGHTMAP_OFF DYNAMICLIGHTMAP_OFF VERTEXLIGHT_ON ok=1
Cmd: compileSnippet
  api=0 type=0 insize=70500 outsize=11806 kw=DIRECTIONAL SHADOWS_SCREEN LIGHTMAP_OFF DIRLIGHTMAP_OFF DYNAMICLIGHTMAP_OFF VERTEXLIGHT_ON ok=1
Cmd: compileSnippet
  api=1 type=0 insize=70500 outsize=1707 kw=DIRECTIONAL SHADOWS_OFF LIGHTMAP_OFF DIRLIGHTMAP_OFF DYNAMICLIGHTMAP_OFF VERTEXLIGHT_ON _TERRAIN_NORMAL_MAP ok=1
Cmd: compileSnippet
  api=4 type=0 insize=70500 outsize=6580 kw=DIRECTIONAL SHADOWS_OFF LIGHTMAP_OFF DIRLIGHTMAP_OFF DYNAMICLIGHTMAP_OFF VERTEXLIGHT_ON _TERRAIN_NORMAL_MAP ok=1
Cmd: compileSnippet
  api=0 type=0 insize=70500 outsize=13478 kw=DIRECTIONAL SHADOWS_SCREEN LIGHTMAP_OFF DIRLIGHTMAP_OFF DYNAMICLIGHTMAP_OFF VERTEXLIGHT_ON _TERRAIN_NORMAL_MAP ok=1
Cmd: compileSnippet
  api=4 type=1 insize=70500 outsize=11633 kw=DIRECTIONAL SHADOWS_OFF LIGHTMAP_OFF DIRLIGHTMAP_OFF DYNAMICLIGHTMAP_OFF ok=1
Cmd: compileSnippet
  api=0 type=1 insize=70500 outsize=6 kw=DIRECTIONAL SHADOWS_OFF LIGHTMAP_OFF DIRLIGHTMAP_OFF DYNAMICLIGHTMAP_OFF _TERRAIN_NORMAL_MAP ok=1
Cmd: compileSnippet
  api=1 type=1 insize=70500 outsize=4466 kw=DIRECTIONAL SHADOWS_OFF LIGHTMAP_OFF DIRLIGHTMAP_OFF DYNAMICLIGHTMAP_OFF _TERRAIN_NORMAL_MAP ok=1
Cmd: compileSnippet
  api=4 type=0 insize=46630 outsize=3240 kw=POINT SHADOWS_OFF ok=1
Cmd: compileSnippet
  api=4 type=0 insize=46630 outsize=3240 kw=DIRECTIONAL SHADOWS_OFF ok=1
Cmd: compileSnippet
  api=1 type=0 insize=46630 outsize=563 kw=SPOT SHADOWS_OFF ok=1
Cmd: compileSnippet
  api=4 type=0 insize=46630 outsize=3240 kw=SPOT SHADOWS_OFF ok=1
Cmd: compileSnippet
  api=0 type=0 insize=46630 outsize=5904 kw=POINT_COOKIE SHADOWS_OFF ok=1
Cmd: compileSnippet
  api=1 type=0 insize=46630 outsize=732 kw=DIRECTIONAL SHADOWS_SCREEN ok=1
Cmd: compileSnippet
  api=4 type=0 insize=46630 outsize=3630 kw=DIRECTIONAL SHADOWS_SCREEN ok=1
Cmd: compileSnippet
  api=0 type=0 insize=46630 outsize=6155 kw=DIRECTIONAL_COOKIE SHADOWS_SCREEN ok=1
Cmd: compileSnippet
  api=0 type=0 insize=46630 outsize=6872 kw=SPOT SHADOWS_DEPTH SHADOWS_SOFT SHADOWS_NATIVE ok=1
Cmd: compileSnippet
  api=1 type=0 insize=46630 outsize=1000 kw=POINT SHADOWS_OFF _TERRAIN_NORMAL_MAP ok=1
Cmd: compileSnippet
  api=4 type=0 insize=46630 outsize=4402 kw=POINT SHADOWS_OFF _TERRAIN_NORMAL_MAP ok=1
Cmd: compileSnippet
  api=0 type=0 insize=46630 outsize=7082 kw=DIRECTIONAL SHADOWS_OFF _TERRAIN_NORMAL_MAP ok=1
Cmd: compileSnippet
  api=0 type=0 insize=46630 outsize=7317 kw=DIRECTIONAL_COOKIE SHADOWS_OFF _TERRAIN_NORMAL_MAP ok=1
Cmd: compileSnippet
  api=0 type=0 insize=46630 outsize=7780 kw=DIRECTIONAL_COOKIE SHADOWS_SCREEN _TERRAIN_NORMAL_MAP ok=1
Cmd: compileSnippet
  api=0 type=0 insize=46630 outsize=8488 kw=SPOT SHADOWS_DEPTH SHADOWS_SOFT SHADOWS_NATIVE _TERRAIN_NORMAL_MAP ok=1
Cmd: compileSnippet
  api=0 type=1 insize=46630 outsize=6 kw=DIRECTIONAL SHADOWS_OFF ok=1
Cmd: compileSnippet
  api=1 type=1 insize=46630 outsize=2384 kw=DIRECTIONAL SHADOWS_OFF ok=1
Cmd: compileSnippet
  api=0 type=1 insize=46630 outsize=6 kw=POINT_COOKIE SHADOWS_OFF ok=1
Cmd: compileSnippet
  api=4 type=1 insize=46630 outsize=7823 kw=POINT_COOKIE SHADOWS_OFF ok=1
Cmd: compileSnippet
  api=4 type=1 insize=46630 outsize=8611 kw=SPOT SHADOWS_DEPTH SHADOWS_NATIVE ok=1
Cmd: compileSnippet
  api=0 type=1 insize=46630 outsize=6 kw=DIRECTIONAL_COOKIE SHADOWS_SCREEN ok=1
Cmd: compileSnippet
  api=4 type=1 insize=46630 outsize=7693 kw=DIRECTIONAL_COOKIE SHADOWS_SCREEN ok=1
Cmd: compileSnippet
  api=4 type=1 insize=46630 outsize=8432 kw=POINT_COOKIE SHADOWS_CUBE ok=1
Cmd: compileSnippet
  api=4 type=1 insize=46630 outsize=9017 kw=POINT SHADOWS_CUBE SHADOWS_SOFT ok=1
Cmd: compileSnippet
  api=1 type=1 insize=46630 outsize=3064 kw=POINT SHADOWS_OFF _TERRAIN_NORMAL_MAP ok=1
Cmd: compileSnippet
  api=0 type=1 insize=46630 outsize=6 kw=SPOT SHADOWS_OFF _TERRAIN_NORMAL_MAP ok=1
Cmd: compileSnippet
  api=4 type=1 insize=46630 outsize=9545 kw=SPOT SHADOWS_OFF _TERRAIN_NORMAL_MAP ok=1
Cmd: compileSnippet
  api=0 type=1 insize=46630 outsize=6 kw=DIRECTIONAL_COOKIE SHADOWS_OFF _TERRAIN_NORMAL_MAP ok=1
Cmd: compileSnippet
  api=4 type=1 insize=46630 outsize=8830 kw=DIRECTIONAL_COOKIE SHADOWS_OFF _TERRAIN_NORMAL_MAP ok=1
Cmd: compileSnippet
  api=0 type=1 insize=46630 outsize=6 kw=DIRECTIONAL SHADOWS_SCREEN _TERRAIN_NORMAL_MAP ok=1
Cmd: compileSnippet
  api=4 type=1 insize=46630 outsize=8668 kw=DIRECTIONAL SHADOWS_SCREEN _TERRAIN_NORMAL_MAP ok=1
Cmd: compileSnippet
  api=0 type=1 insize=46630 outsize=6 kw=POINT SHADOWS_CUBE _TERRAIN_NORMAL_MAP ok=1
Cmd: compileSnippet
  api=1 type=1 insize=46630 outsize=3266 kw=POINT SHADOWS_CUBE _TERRAIN_NORMAL_MAP ok=1
Cmd: compileSnippet
  api=0 type=1 insize=46630 outsize=6 kw=POINT_COOKIE SHADOWS_CUBE _TERRAIN_NORMAL_MAP ok=1
Cmd: compileSnippet
  api=0 type=1 insize=46630 outsize=6 kw=SPOT SHADOWS_DEPTH SHADOWS_SOFT SHADOWS_NATIVE _TERRAIN_NORMAL_MAP ok=1
Cmd: compileSnippet
  api=1 type=1 insize=46630 outsize=3563 kw=SPOT SHADOWS_DEPTH SHADOWS_SOFT SHADOWS_NATIVE _TERRAIN_NORMAL_MAP ok=1
Cmd: compileSnippet
  api=0 type=1 insize=46630 outsize=6 kw=POINT_COOKIE SHADOWS_CUBE SHADOWS_SOFT _TERRAIN_NORMAL_MAP ok=1
Cmd: compileSnippet
  api=4 type=1 insize=46630 outsize=10626 kw=POINT_COOKIE SHADOWS_CUBE SHADOWS_SOFT _TERRAIN_NORMAL_MAP ok=1
Cmd: compileSnippet
  api=1 type=0 insize=70836 outsize=766 kw=DIRECTIONAL SHADOWS_OFF LIGHTMAP_OFF DIRLIGHTMAP_OFF DYNAMICLIGHTMAP_OFF ok=1
Cmd: compileSnippet
  api=1 type=0 insize=70836 outsize=915 kw=DIRECTIONAL SHADOWS_SCREEN LIGHTMAP_OFF DIRLIGHTMAP_OFF DYNAMICLIGHTMAP_OFF ok=1
Cmd: compileSnippet
  api=0 type=0 insize=70836 outsize=11394 kw=DIRECTIONAL SHADOWS_OFF LIGHTMAP_OFF DIRLIGHTMAP_OFF DYNAMICLIGHTMAP_OFF VERTEXLIGHT_ON ok=1
Cmd: compileSnippet
  api=1 type=0 insize=70836 outsize=1167 kw=DIRECTIONAL SHADOWS_OFF LIGHTMAP_OFF DIRLIGHTMAP_OFF DYNAMICLIGHTMAP_OFF _TERRAIN_NORMAL_MAP ok=1
Cmd: compileSnippet
  api=0 type=0 insize=70836 outsize=12649 kw=DIRECTIONAL SHADOWS_SCREEN LIGHTMAP_OFF DIRLIGHTMAP_OFF DYNAMICLIGHTMAP_OFF _TERRAIN_NORMAL_MAP ok=1
Cmd: compileSnippet
  api=1 type=1 insize=70836 outsize=4043 kw=DIRECTIONAL SHADOWS_OFF LIGHTMAP_OFF DIRLIGHTMAP_OFF DYNAMICLIGHTMAP_OFF ok=1
Cmd: compileSnippet
  api=1 type=1 insize=70836 outsize=4512 kw=DIRECTIONAL SHADOWS_OFF LIGHTMAP_OFF DIRLIGHTMAP_OFF DYNAMICLIGHTMAP_OFF _TERRAIN_NORMAL_MAP ok=1
Cmd: compileSnippet
  api=1 type=0 insize=46966 outsize=563 kw=POINT SHADOWS_OFF ok=1
Cmd: compileSnippet
  api=1 type=0 insize=46966 outsize=563 kw=DIRECTIONAL SHADOWS_OFF ok=1
Cmd: compileSnippet
  api=0 type=0 insize=46966 outsize=6062 kw=SPOT SHADOWS_OFF ok=1
Cmd: compileSnippet
  api=4 type=0 insize=46966 outsize=3240 kw=DIRECTIONAL_COOKIE SHADOWS_OFF ok=1
Cmd: compileSnippet
  api=4 type=0 insize=46966 outsize=3963 kw=SPOT SHADOWS_DEPTH SHADOWS_NATIVE ok=1
Cmd: compileSnippet
  api=4 type=0 insize=46966 outsize=3630 kw=DIRECTIONAL SHADOWS_SCREEN ok=1
Cmd: compileSnippet
  api=1 type=0 insize=46966 outsize=732 kw=DIRECTIONAL_COOKIE SHADOWS_SCREEN ok=1
Cmd: compileSnippet
  api=4 type=0 insize=46966 outsize=3630 kw=DIRECTIONAL_COOKIE SHADOWS_SCREEN ok=1
Cmd: compileSnippet
  api=0 type=0 insize=46966 outsize=6568 kw=POINT SHADOWS_CUBE ok=1
Cmd: compileSnippet
  api=0 type=0 insize=46966 outsize=7510 kw=POINT SHADOWS_CUBE SHADOWS_SOFT ok=1
Cmd: compileSnippet
  api=0 type=0 insize=46966 outsize=7167 kw=DIRECTIONAL SHADOWS_OFF _TERRAIN_NORMAL_MAP ok=1
Cmd: compileSnippet
  api=0 type=0 insize=46966 outsize=7401 kw=DIRECTIONAL_COOKIE SHADOWS_OFF _TERRAIN_NORMAL_MAP ok=1
Cmd: compileSnippet
  api=0 type=0 insize=46966 outsize=7864 kw=DIRECTIONAL_COOKIE SHADOWS_SCREEN _TERRAIN_NORMAL_MAP ok=1
Cmd: compileSnippet
  api=1 type=0 insize=46966 outsize=1123 kw=SPOT SHADOWS_DEPTH SHADOWS_SOFT SHADOWS_NATIVE _TERRAIN_NORMAL_MAP ok=1
Cmd: compileSnippet
  api=4 type=0 insize=46966 outsize=5125 kw=SPOT SHADOWS_DEPTH SHADOWS_SOFT SHADOWS_NATIVE _TERRAIN_NORMAL_MAP ok=1
Cmd: compileSnippet
  api=0 type=0 insize=46966 outsize=9126 kw=POINT SHADOWS_CUBE SHADOWS_SOFT _TERRAIN_NORMAL_MAP ok=1
Cmd: compileSnippet
  api=1 type=1 insize=46966 outsize=2628 kw=POINT SHADOWS_OFF ok=1
Cmd: compileSnippet
  api=0 type=1 insize=46966 outsize=6 kw=SPOT SHADOWS_OFF ok=1
Cmd: compileSnippet
  api=0 type=1 insize=46966 outsize=6 kw=POINT_COOKIE SHADOWS_OFF ok=1
Cmd: compileSnippet
  api=1 type=1 insize=46966 outsize=2678 kw=POINT_COOKIE SHADOWS_OFF ok=1
Cmd: compileSnippet
  api=0 type=1 insize=46966 outsize=6 kw=DIRECTIONAL_COOKIE SHADOWS_OFF ok=1
Cmd: compileSnippet
  api=1 type=1 insize=46966 outsize=2538 kw=DIRECTIONAL_COOKIE SHADOWS_OFF ok=1
Cmd: compileSnippet
  api=0 type=1 insize=46966 outsize=6 kw=DIRECTIONAL SHADOWS_SCREEN ok=1
Cmd: compileSnippet
  api=1 type=1 insize=46966 outsize=2484 kw=DIRECTIONAL SHADOWS_SCREEN ok=1
Cmd: compileSnippet
  api=0 type=1 insize=46966 outsize=6 kw=POINT SHADOWS_CUBE ok=1
Cmd: compileSnippet
  api=1 type=1 insize=46966 outsize=2838 kw=POINT SHADOWS_CUBE ok=1
Cmd: compileSnippet
  api=1 type=1 insize=46966 outsize=3138 kw=SPOT SHADOWS_DEPTH SHADOWS_SOFT SHADOWS_NATIVE ok=1
Cmd: compileSnippet
  api=1 type=1 insize=46966 outsize=3095 kw=POINT SHADOWS_OFF _TERRAIN_NORMAL_MAP ok=1
Cmd: compileSnippet
  api=4 type=1 insize=46966 outsize=8408 kw=DIRECTIONAL SHADOWS_OFF _TERRAIN_NORMAL_MAP ok=1
Cmd: compileSnippet
  api=4 type=1 insize=46966 outsize=9326 kw=POINT_COOKIE SHADOWS_OFF _TERRAIN_NORMAL_MAP ok=1
Cmd: compileSnippet
  api=1 type=1 insize=46966 outsize=3352 kw=SPOT SHADOWS_DEPTH SHADOWS_NATIVE _TERRAIN_NORMAL_MAP ok=1
Cmd: compileSnippet
  api=0 type=1 insize=46966 outsize=6 kw=DIRECTIONAL_COOKIE SHADOWS_SCREEN _TERRAIN_NORMAL_MAP ok=1
Cmd: compileSnippet
  api=4 type=1 insize=46966 outsize=9196 kw=DIRECTIONAL_COOKIE SHADOWS_SCREEN _TERRAIN_NORMAL_MAP ok=1
Cmd: compileSnippet
  api=1 type=1 insize=46966 outsize=3359 kw=POINT_COOKIE SHADOWS_CUBE _TERRAIN_NORMAL_MAP ok=1
Cmd: compileSnippet
  api=0 type=1 insize=46966 outsize=6 kw=POINT SHADOWS_CUBE SHADOWS_SOFT _TERRAIN_NORMAL_MAP ok=1
Cmd: compileSnippet
  api=4 type=1 insize=46966 outsize=10561 kw=POINT SHADOWS_CUBE SHADOWS_SOFT _TERRAIN_NORMAL_MAP ok=1
Cmd: compileSnippet
  api=0 type=0 insize=7250 outsize=8879 kw=DIRECTIONAL SHADOWS_SCREEN LIGHTMAP_OFF DIRLIGHTMAP_OFF DYNAMICLIGHTMAP_OFF ok=1
Cmd: compileSnippet
  api=1 type=0 insize=7250 outsize=1264 kw=DIRECTIONAL SHADOWS_SCREEN LIGHTMAP_OFF DIRLIGHTMAP_OFF DYNAMICLIGHTMAP_OFF VERTEXLIGHT_ON ok=1
Cmd: compileSnippet
  api=0 type=1 insize=7250 outsize=6 kw=DIRECTIONAL SHADOWS_SCREEN LIGHTMAP_OFF DIRLIGHTMAP_OFF DYNAMICLIGHTMAP_OFF ok=1
Cmd: compileSnippet
  api=1 type=1 insize=7250 outsize=3504 kw=DIRECTIONAL SHADOWS_SCREEN LIGHTMAP_OFF DIRLIGHTMAP_OFF DYNAMICLIGHTMAP_OFF ok=1
Cmd: compileSnippet
  api=4 type=0 insize=4059 outsize=2737 kw=POINT SHADOWS_OFF ok=1
Cmd: compileSnippet
  api=4 type=0 insize=4059 outsize=2737 kw=DIRECTIONAL SHADOWS_OFF ok=1
Cmd: compileSnippet
  api=1 type=0 insize=4059 outsize=403 kw=SPOT SHADOWS_OFF ok=1
Cmd: compileSnippet
  api=4 type=0 insize=4059 outsize=2737 kw=SPOT SHADOWS_OFF ok=1
Cmd: compileSnippet
  api=0 type=0 insize=4059 outsize=3894 kw=POINT_COOKIE SHADOWS_OFF ok=1
Cmd: compileSnippet
  api=0 type=0 insize=4059 outsize=3962 kw=DIRECTIONAL SHADOWS_SCREEN ok=1
Cmd: compileSnippet
  api=0 type=0 insize=4059 outsize=4601 kw=POINT_COOKIE SHADOWS_CUBE ok=1
Cmd: compileSnippet
  api=1 type=0 insize=4059 outsize=460 kw=POINT_COOKIE SHADOWS_CUBE SHADOWS_SOFT ok=1
Cmd: compileSnippet
  api=4 type=0 insize=4059 outsize=2956 kw=POINT_COOKIE SHADOWS_CUBE SHADOWS_SOFT ok=1
Cmd: compileSnippet
  api=4 type=1 insize=4059 outsize=6092 kw=POINT SHADOWS_OFF ok=1
Cmd: compileSnippet
  api=0 type=1 insize=4059 outsize=6 kw=POINT_COOKIE SHADOWS_OFF ok=1
Cmd: compileSnippet
  api=4 type=1 insize=4059 outsize=6279 kw=POINT_COOKIE SHADOWS_OFF ok=1
Cmd: compileSnippet
  api=0 type=1 insize=4059 outsize=6 kw=SPOT SHADOWS_DEPTH SHADOWS_NATIVE ok=1
Cmd: compileSnippet
  api=4 type=1 insize=4059 outsize=7140 kw=SPOT SHADOWS_DEPTH SHADOWS_NATIVE ok=1
Cmd: compileSnippet
  api=4 type=1 insize=4059 outsize=6084 kw=DIRECTIONAL_COOKIE SHADOWS_SCREEN ok=1
Cmd: compileSnippet
  api=4 type=1 insize=4059 outsize=6962 kw=POINT_COOKIE SHADOWS_CUBE ok=1
Cmd: compileSnippet
  api=4 type=1 insize=4059 outsize=7547 kw=POINT SHADOWS_CUBE SHADOWS_SOFT ok=1
Cmd: compileSnippet
  api=1 type=0 insize=6368 outsize=606 kw=LIGHTMAP_OFF DIRLIGHTMAP_OFF DYNAMICLIGHTMAP_OFF HDR_LIGHT_PREPASS_OFF ok=1
Cmd: compileSnippet
  api=1 type=0 insize=6368 outsize=606 kw=LIGHTMAP_OFF DIRLIGHTMAP_OFF DYNAMICLIGHTMAP_OFF UNITY_HDR_ON ok=1
Cmd: compileSnippet
  api=1 type=1 insize=6368 outsize=2247 kw=LIGHTMAP_OFF DIRLIGHTMAP_OFF DYNAMICLIGHTMAP_OFF HDR_LIGHT_PREPASS_OFF ok=1
Cmd: compileSnippet
  api=8 type=0 insize=541 outsize=5379 kw=SHADOWS_DEPTH ok=1
Cmd: compileSnippet
  api=8 type=1 insize=541 outsize=658 kw=SHADOWS_DEPTH ok=1
Cmd: compileSnippet
  api=1 type=0 insize=6810 outsize=580 kw=DIRECTIONAL SHADOWS_OFF LIGHTMAP_OFF DIRLIGHTMAP_OFF DYNAMICLIGHTMAP_OFF ok=1
Cmd: compileSnippet
  api=1 type=0 insize=6810 outsize=708 kw=DIRECTIONAL SHADOWS_SCREEN LIGHTMAP_OFF DIRLIGHTMAP_OFF DYNAMICLIGHTMAP_OFF ok=1
Cmd: compileSnippet
  api=0 type=0 insize=6810 outsize=3245 kw=DIRECTIONAL SHADOWS_OFF LIGHTMAP_OFF DIRLIGHTMAP_OFF DYNAMICLIGHTMAP_OFF VERTEXLIGHT_ON ok=1
Cmd: compileSnippet
  api=8 type=0 insize=6810 outsize=6273 kw=DIRECTIONAL SHADOWS_SCREEN SHADOWS_NATIVE LIGHTMAP_OFF DIRLIGHTMAP_OFF DYNAMICLIGHTMAP_OFF ok=1
Cmd: compileSnippet
  api=0 type=1 insize=6810 outsize=6 kw=DIRECTIONAL SHADOWS_SCREEN LIGHTMAP_OFF DIRLIGHTMAP_OFF DYNAMICLIGHTMAP_OFF ok=1
Cmd: compileSnippet
  api=4 type=1 insize=6810 outsize=1615 kw=DIRECTIONAL SHADOWS_SCREEN LIGHTMAP_OFF DIRLIGHTMAP_OFF DYNAMICLIGHTMAP_OFF ok=1
Cmd: compileSnippet
  api=1 type=0 insize=3647 outsize=339 kw=POINT ok=1
Cmd: compileSnippet
  api=1 type=0 insize=3647 outsize=339 kw=DIRECTIONAL ok=1
Cmd: compileSnippet
  api=0 type=0 insize=3647 outsize=1946 kw=SPOT ok=1
Cmd: compileSnippet
  api=1 type=0 insize=3647 outsize=339 kw=DIRECTIONAL_COOKIE ok=1
Cmd: compileSnippet
  api=4 type=0 insize=3647 outsize=2737 kw=DIRECTIONAL_COOKIE ok=1
Cmd: compileSnippet
  api=1 type=1 insize=3647 outsize=440 kw=POINT ok=1
Cmd: compileSnippet
  api=0 type=1 insize=3647 outsize=6 kw=SPOT ok=1
Cmd: compileSnippet
  api=4 type=1 insize=3647 outsize=2428 kw=SPOT ok=1
Cmd: compileSnippet
  api=8 type=1 insize=3647 outsize=3169 kw=POINT_COOKIE ok=1
Cmd: compileSnippet
  api=1 type=0 insize=2805 outsize=293 kw= ok=1
Cmd: compileSnippet
  api=4 type=1 insize=2805 outsize=681 kw= ok=1
Cmd: compileSnippet
  api=1 type=0 insize=5974 outsize=707 kw=LIGHTMAP_OFF DIRLIGHTMAP_OFF DYNAMICLIGHTMAP_OFF HDR_LIGHT_PREPASS_OFF ok=1
Cmd: compileSnippet
  api=0 type=0 insize=5974 outsize=2711 kw=LIGHTMAP_OFF DIRLIGHTMAP_OFF DYNAMICLIGHTMAP_OFF UNITY_HDR_ON ok=1
Cmd: compileSnippet
  api=4 type=1 insize=5974 outsize=1347 kw=LIGHTMAP_OFF DIRLIGHTMAP_OFF DYNAMICLIGHTMAP_OFF HDR_LIGHT_PREPASS_OFF ok=1
Cmd: compileSnippet
  api=1 type=0 insize=5928 outsize=595 kw=LIGHTMAP_OFF DIRLIGHTMAP_OFF DYNAMICLIGHTMAP_OFF HDR_LIGHT_PREPASS_OFF ok=1
Cmd: compileSnippet
  api=0 type=0 insize=5928 outsize=2526 kw=LIGHTMAP_OFF DIRLIGHTMAP_OFF DYNAMICLIGHTMAP_OFF UNITY_HDR_ON ok=1
Cmd: compileSnippet
  api=1 type=1 insize=5928 outsize=355 kw=LIGHTMAP_OFF DIRLIGHTMAP_OFF DYNAMICLIGHTMAP_OFF HDR_LIGHT_PREPASS_OFF ok=1
Cmd: compileSnippet
  api=4 type=1 insize=5928 outsize=1583 kw=LIGHTMAP_OFF DIRLIGHTMAP_OFF DYNAMICLIGHTMAP_OFF UNITY_HDR_ON ok=1
Cmd: compileSnippet
  api=4 type=0 insize=1275 outsize=1940 kw=POINT SHADOWS_OFF ok=1
Cmd: compileSnippet
  api=4 type=0 insize=1275 outsize=1940 kw=DIRECTIONAL SHADOWS_OFF ok=1
Cmd: compileSnippet
  api=1 type=0 insize=1275 outsize=441 kw=SPOT SHADOWS_OFF ok=1
Cmd: compileSnippet
  api=4 type=0 insize=1275 outsize=1940 kw=SPOT SHADOWS_OFF ok=1
Cmd: compileSnippet
  api=0 type=0 insize=1275 outsize=2950 kw=POINT_COOKIE SHADOWS_OFF ok=1
Cmd: compileSnippet
  api=0 type=0 insize=1275 outsize=2824 kw=DIRECTIONAL SHADOWS_SCREEN ok=1
Cmd: compileSnippet
  api=0 type=0 insize=1275 outsize=3484 kw=POINT_COOKIE SHADOWS_CUBE ok=1
Cmd: compileSnippet
  api=4 type=0 insize=1275 outsize=1940 kw=POINT SHADOWS_CUBE SHADOWS_SOFT ok=1
Cmd: compileSnippet
  api=1 type=0 insize=1275 outsize=441 kw=POINT_COOKIE SHADOWS_CUBE SHADOWS_SOFT ok=1
Cmd: compileSnippet
  api=1 type=1 insize=1275 outsize=1442 kw=POINT SHADOWS_OFF ok=1
Cmd: compileSnippet
  api=1 type=1 insize=1275 outsize=1599 kw=SPOT SHADOWS_OFF ok=1
Cmd: compileSnippet
  api=1 type=1 insize=1275 outsize=1402 kw=DIRECTIONAL_COOKIE SHADOWS_OFF ok=1
Cmd: compileSnippet
  api=0 type=1 insize=1275 outsize=6 kw=DIRECTIONAL SHADOWS_SCREEN ok=1
Cmd: compileSnippet
  api=1 type=1 insize=1275 outsize=1329 kw=DIRECTIONAL SHADOWS_SCREEN ok=1
Cmd: compileSnippet
  api=4 type=1 insize=1275 outsize=4849 kw=DIRECTIONAL_COOKIE SHADOWS_SCREEN ok=1
Cmd: compileSnippet
  api=4 type=1 insize=1275 outsize=5499 kw=POINT_COOKIE SHADOWS_CUBE ok=1
Cmd: compileSnippet
  api=4 type=1 insize=1275 outsize=5792 kw=POINT SHADOWS_CUBE SHADOWS_SOFT ok=1
Cmd: compileSnippet
  api=1 type=0 insize=1268 outsize=441 kw=POINT SHADOWS_OFF ok=1
Cmd: compileSnippet
  api=1 type=0 insize=1268 outsize=441 kw=DIRECTIONAL SHADOWS_OFF ok=1
Cmd: compileSnippet
  api=0 type=0 insize=1268 outsize=3016 kw=SPOT SHADOWS_OFF ok=1
Cmd: compileSnippet
  api=4 type=0 insize=1268 outsize=1940 kw=DIRECTIONAL_COOKIE SHADOWS_OFF ok=1
Cmd: compileSnippet
  api=1 type=0 insize=1268 outsize=441 kw=SPOT SHADOWS_DEPTH SHADOWS_NATIVE ok=1
Cmd: compileSnippet
  api=0 type=0 insize=1268 outsize=2815 kw=DIRECTIONAL SHADOWS_SCREEN ok=1
Cmd: compileSnippet
  api=0 type=0 insize=1268 outsize=3475 kw=POINT_COOKIE SHADOWS_CUBE ok=1
Cmd: compileSnippet
  api=0 type=0 insize=1268 outsize=4402 kw=POINT_COOKIE SHADOWS_CUBE SHADOWS_SOFT ok=1
Cmd: compileSnippet
  api=4 type=1 insize=1268 outsize=4451 kw=POINT SHADOWS_OFF ok=1
Cmd: compileSnippet
  api=4 type=1 insize=1268 outsize=5142 kw=SPOT SHADOWS_OFF ok=1
Cmd: compileSnippet
  api=4 type=1 insize=1268 outsize=4467 kw=DIRECTIONAL_COOKIE SHADOWS_OFF ok=1
Cmd: compileSnippet
  api=4 type=1 insize=1268 outsize=4191 kw=DIRECTIONAL SHADOWS_SCREEN ok=1
Cmd: compileSnippet
  api=4 type=1 insize=1268 outsize=4938 kw=POINT SHADOWS_CUBE ok=1
Cmd: compileSnippet
  api=4 type=1 insize=1268 outsize=6604 kw=SPOT SHADOWS_DEPTH SHADOWS_SOFT SHADOWS_NATIVE ok=1
Cmd: compileSnippet
  api=4 type=1 insize=1268 outsize=6222 kw=POINT_COOKIE SHADOWS_CUBE SHADOWS_SOFT ok=1
Cmd: compileSnippet
  api=4 type=0 insize=1273 outsize=1940 kw=POINT SHADOWS_OFF ok=1
Cmd: compileSnippet
  api=4 type=0 insize=1273 outsize=1940 kw=DIRECTIONAL SHADOWS_OFF ok=1
Cmd: compileSnippet
  api=1 type=0 insize=1273 outsize=441 kw=SPOT SHADOWS_OFF ok=1
Cmd: compileSnippet
  api=4 type=0 insize=1273 outsize=1940 kw=SPOT SHADOWS_OFF ok=1
Cmd: compileSnippet
  api=0 type=0 insize=1273 outsize=2946 kw=POINT_COOKIE SHADOWS_OFF ok=1
Cmd: compileSnippet
  api=0 type=0 insize=1273 outsize=2820 kw=DIRECTIONAL SHADOWS_SCREEN ok=1
Cmd: compileSnippet
  api=0 type=0 insize=1273 outsize=3480 kw=POINT_COOKIE SHADOWS_CUBE ok=1
Cmd: compileSnippet
  api=0 type=0 insize=1273 outsize=4407 kw=POINT_COOKIE SHADOWS_CUBE SHADOWS_SOFT ok=1
Cmd: compileSnippet
  api=1 type=1 insize=1273 outsize=1358 kw=POINT SHADOWS_OFF ok=1
Cmd: compileSnippet
  api=0 type=1 insize=1273 outsize=6 kw=POINT_COOKIE SHADOWS_OFF ok=1
Cmd: compileSnippet
  api=4 type=1 insize=1273 outsize=4930 kw=POINT_COOKIE SHADOWS_OFF ok=1
Cmd: compileSnippet
  api=0 type=1 insize=1273 outsize=6 kw=SPOT SHADOWS_DEPTH SHADOWS_NATIVE ok=1
Cmd: compileSnippet
  api=4 type=1 insize=1273 outsize=5995 kw=SPOT SHADOWS_DEPTH SHADOWS_NATIVE ok=1
Cmd: compileSnippet
  api=4 type=1 insize=1273 outsize=4800 kw=DIRECTIONAL_COOKIE SHADOWS_SCREEN ok=1
Cmd: compileSnippet
  api=0 type=1 insize=1273 outsize=6 kw=SPOT SHADOWS_DEPTH SHADOWS_SOFT SHADOWS_NATIVE ok=1
Cmd: compileSnippet
  api=1 type=1 insize=1273 outsize=1967 kw=SPOT SHADOWS_DEPTH SHADOWS_SOFT SHADOWS_NATIVE ok=1
Cmd: compileSnippet
  api=4 type=1 insize=1273 outsize=5743 kw=POINT SHADOWS_CUBE SHADOWS_SOFT ok=1
Cmd: compileSnippet
  api=0 type=0 insize=1934 outsize=3403 kw=DIRECTIONAL SHADOWS_OFF ok=1
Cmd: compileSnippet
  api=4 type=0 insize=1934 outsize=1940 kw=POINT_COOKIE SHADOWS_OFF ok=1
Cmd: compileSnippet
  api=1 type=0 insize=1934 outsize=441 kw=DIRECTIONAL_COOKIE SHADOWS_OFF ok=1
Cmd: compileSnippet
  api=0 type=0 insize=1934 outsize=4689 kw=SPOT SHADOWS_DEPTH SHADOWS_NATIVE ok=1
Cmd: compileSnippet
  api=0 type=0 insize=1934 outsize=4216 kw=POINT SHADOWS_CUBE ok=1
Cmd: compileSnippet
  api=1 type=0 insize=1934 outsize=441 kw=POINT SHADOWS_CUBE SHADOWS_SOFT ok=1
Cmd: compileSnippet
  api=0 type=0 insize=1934 outsize=5334 kw=POINT_COOKIE SHADOWS_CUBE SHADOWS_SOFT ok=1
Cmd: compileSnippet
  api=0 type=0 insize=1934 outsize=3939 kw=SPOT SHADOWS_OFF UNITY_HDR_ON ok=1
Cmd: compileSnippet
  api=1 type=0 insize=1934 outsize=441 kw=SPOT SHADOWS_DEPTH SHADOWS_NATIVE UNITY_HDR_ON ok=1
Cmd: compileSnippet
  api=4 type=0 insize=1934 outsize=1940 kw=SPOT SHADOWS_DEPTH SHADOWS_NATIVE UNITY_HDR_ON ok=1
Cmd: compileSnippet
  api=1 type=0 insize=1934 outsize=441 kw=DIRECTIONAL SHADOWS_SCREEN UNITY_HDR_ON ok=1
Cmd: compileSnippet
  api=4 type=0 insize=1934 outsize=1940 kw=DIRECTIONAL SHADOWS_SCREEN UNITY_HDR_ON ok=1
Cmd: compileSnippet
  api=0 type=0 insize=1934 outsize=4103 kw=DIRECTIONAL_COOKIE SHADOWS_SCREEN UNITY_HDR_ON ok=1
Cmd: compileSnippet
  api=1 type=0 insize=1934 outsize=441 kw=SPOT SHADOWS_DEPTH SHADOWS_SOFT SHADOWS_NATIVE UNITY_HDR_ON ok=1
Cmd: compileSnippet
  api=4 type=0 insize=1934 outsize=1940 kw=SPOT SHADOWS_DEPTH SHADOWS_SOFT SHADOWS_NATIVE UNITY_HDR_ON ok=1
Cmd: compileSnippet
  api=0 type=0 insize=1934 outsize=5126 kw=POINT SHADOWS_CUBE SHADOWS_SOFT UNITY_HDR_ON ok=1
Cmd: compileSnippet
  api=4 type=1 insize=1934 outsize=6466 kw=POINT SHADOWS_OFF ok=1
Cmd: compileSnippet
  api=0 type=1 insize=1934 outsize=6 kw=SPOT SHADOWS_OFF ok=1
Cmd: compileSnippet
  api=1 type=1 insize=1934 outsize=2341 kw=POINT_COOKIE SHADOWS_OFF ok=1
Cmd: compileSnippet
  api=0 type=1 insize=1934 outsize=6 kw=DIRECTIONAL_COOKIE SHADOWS_OFF ok=1
Cmd: compileSnippet
  api=1 type=1 insize=1934 outsize=2194 kw=DIRECTIONAL_COOKIE SHADOWS_OFF ok=1
Cmd: compileSnippet
  api=0 type=1 insize=1934 outsize=6 kw=DIRECTIONAL SHADOWS_SCREEN ok=1
Cmd: compileSnippet
  api=1 type=1 insize=1934 outsize=2477 kw=DIRECTIONAL_COOKIE SHADOWS_SCREEN ok=1
Cmd: compileSnippet
  api=0 type=1 insize=1934 outsize=6 kw=POINT_COOKIE SHADOWS_CUBE ok=1
Cmd: compileSnippet
  api=1 type=1 insize=1934 outsize=2505 kw=POINT_COOKIE SHADOWS_CUBE ok=1
Cmd: compileSnippet
  api=0 type=1 insize=1934 outsize=6 kw=SPOT SHADOWS_DEPTH SHADOWS_SOFT SHADOWS_NATIVE ok=1
Cmd: compileSnippet
  api=1 type=1 insize=1934 outsize=2991 kw=SPOT SHADOWS_DEPTH SHADOWS_SOFT SHADOWS_NATIVE ok=1
Cmd: compileSnippet
  api=4 type=1 insize=1934 outsize=8294 kw=POINT_COOKIE SHADOWS_CUBE SHADOWS_SOFT ok=1
Cmd: compileSnippet
  api=4 type=1 insize=1934 outsize=6068 kw=DIRECTIONAL SHADOWS_OFF UNITY_HDR_ON ok=1
Cmd: compileSnippet
  api=1 type=1 insize=1934 outsize=2280 kw=POINT_COOKIE SHADOWS_OFF UNITY_HDR_ON ok=1
Cmd: compileSnippet
  api=0 type=1 insize=1934 outsize=6 kw=SPOT SHADOWS_DEPTH SHADOWS_NATIVE UNITY_HDR_ON ok=1
Cmd: compileSnippet
  api=0 type=1 insize=1934 outsize=6 kw=DIRECTIONAL SHADOWS_SCREEN UNITY_HDR_ON ok=1
Cmd: compileSnippet
  api=4 type=1 insize=1934 outsize=6726 kw=DIRECTIONAL SHADOWS_SCREEN UNITY_HDR_ON ok=1
Cmd: compileSnippet
  api=1 type=1 insize=1934 outsize=2351 kw=POINT SHADOWS_CUBE UNITY_HDR_ON ok=1
Cmd: compileSnippet
  api=0 type=1 insize=1934 outsize=6 kw=SPOT SHADOWS_DEPTH SHADOWS_SOFT SHADOWS_NATIVE UNITY_HDR_ON ok=1
Cmd: compileSnippet
  api=1 type=1 insize=1934 outsize=2930 kw=SPOT SHADOWS_DEPTH SHADOWS_SOFT SHADOWS_NATIVE UNITY_HDR_ON ok=1
Cmd: compileSnippet
  api=0 type=1 insize=1934 outsize=6 kw=POINT_COOKIE SHADOWS_CUBE SHADOWS_SOFT UNITY_HDR_ON ok=1
Cmd: compileSnippet
  api=4 type=1 insize=1934 outsize=8245 kw=POINT_COOKIE SHADOWS_CUBE SHADOWS_SOFT UNITY_HDR_ON ok=1
Cmd: compileSnippet
  api=4 type=0 insize=683 outsize=990 kw= ok=1
Cmd: compileSnippet
  api=4 type=1 insize=683 outsize=705 kw= ok=1
Cmd: compileSnippet
  api=1 type=1 insize=1051 outsize=159 kw= ok=1
Cmd: compileSnippet
  api=1 type=0 insize=1089 outsize=253 kw= ok=1
Cmd: compileSnippet
  api=1 type=1 insize=6481 outsize=9282 kw= ok=1
Cmd: compileSnippet
  api=4 type=0 insize=723 outsize=1055 kw= ok=1
Cmd: compileSnippet
  api=1 type=1 insize=723 outsize=98 kw= ok=1
Cmd: compileSnippet
  api=1 type=1 insize=1079 outsize=346 kw= ok=1
Unhandled exception: Readfile from pipe failed. GLE=Le canal de communication a t ferm.


Quitting shader compiler process

Crashed!
