Base path: C:/Program Files/Unity/Editor/Data
<<<<<<< HEAD
Pipe name: \\.\pipe\UnityShaderCompiler-64bit-2-5568
Cmd: getPlatforms
Cmd: compileSnippet
  api=1 type=0 insize=9591 outsize=4196 kw= ok=1
Cmd: compileSnippet
  api=8 type=0 insize=9591 outsize=17047 kw= ok=1
=======
Pipe name: \\.\pipe\UnityShaderCompiler-64bit-2-6416
Cmd: getPlatforms
Cmd: compileSnippet
  api=4 type=0 insize=9591 outsize=10618 kw= ok=1
>>>>>>> origin/master
Cmd: compileSnippet
  api=1 type=0 insize=9591 outsize=3891 kw=UNITY_COLORSPACE_GAMMA ok=1
Cmd: compileSnippet
  api=8 type=0 insize=9591 outsize=16267 kw=UNITY_COLORSPACE_GAMMA ok=1
Cmd: compileSnippet
<<<<<<< HEAD
  api=1 type=1 insize=9591 outsize=837 kw= ok=1
Cmd: compileSnippet
  api=8 type=1 insize=9591 outsize=3957 kw= ok=1
=======
  api=4 type=1 insize=9591 outsize=2517 kw= ok=1
>>>>>>> origin/master
Unhandled exception: Readfile from pipe failed. GLE=Le canal de communication a été fermé.


Quitting shader compiler process

Crashed!
